-------------------- Log Start | Fri Nov 22 09:01:11 2024 --------------------
platform: Linux-6.1.21-v8+-aarch64-with-glibc2.31
data_path: /home/pi/Ender5_data
is_default_data_path: False
config_file: /home/pi/Ender5_data/config/moonraker.conf
backup_config: /home/pi/Ender5_data/config/.moonraker.conf.bkp
startup_warnings: []
verbose: False
debug: False
asyncio_debug: False
is_backup_config: False
is_python_package: False
instance_uuid: 7b1425501a69432ca838d218c97a15b3
unix_socket_path: /home/pi/Ender5_data/comms/moonraker.sock
software_version: v0.9.3-3-gccfe32f
git_branch: master
git_remote: origin
git_repo_url: https://github.com/Arksine/moonraker.git
modified_files: []
unofficial_components: []
log_file: /home/pi/Ender5_data/logs/moonraker.log
python_version: 3.9.2 (default, Mar 12 2021, 04:06:34)  [GCC 10.2.1 20210110]
launch_args: /home/pi/moonraker-env/bin/python /home/pi/moonraker/moonraker/moonraker.py -d /home/pi/Ender5_data
msgspec_enabled: False
uvloop_enabled: False

#################### Moonraker Configuration ####################

[server]
host = 0.0.0.0
port = 7126
klippy_uds_address = /home/pi/Ender5_data/comms/klippy.sock

[file_manager]
enable_object_processing = True

[authorization]
trusted_clients = 
	127.0.0.1
	10.0.0.0/8
	127.0.0.0/8
	169.254.0.0/16
	172.16.0.0/12
	192.168.0.0/16
	FE80::/10
	::1/128
	192.168.1.224
cors_domains = 
	*.lan
	*.local
	*://localhost
	*://localhost:*
	*://my.mainsail.xyz
	*://app.fluidd.xyz
	*://Ender5
	*://Ender5.local
	*://192.168.1.224

[octoprint_compat]

[history]

[update_manager]
refresh_interval = 168

[update_manager mainsail]
type = web
repo = mainsail-crew/mainsail
path = ~/mainsail

[update_manager KlipperScreen]
type = git_repo
path = ~/KlipperScreen
origin = https://github.com/jordanruthe/KlipperScreen.git
env = ~/.KlipperScreen-env/bin/python
requirements = scripts/KlipperScreen-requirements.txt
install_script = scripts/KlipperScreen-install.sh
managed_services = KlipperScreen

[update_manager crowsnest]
type = git_repo
path = ~/crowsnest
origin = https://github.com/mainsail-crew/crowsnest.git
install_script = tools/install.sh

[update_manager client moonraker-telegram-bot]
type = git_repo
path = ~/moonraker-telegram-bot
origin = https://github.com/nlef/moonraker-telegram-bot.git
env = ~/moonraker-telegram-bot-env/bin/python
requirements = scripts/requirements.txt
install_script = scripts/install.sh

[power light_strip]
type = gpio
pin = gpiochip0/gpio16
initial_state = off

#################################################################
All Configuration Files:
/home/pi/Ender5_data/config/moonraker.conf
#################################################################
Loading Sqlite database provider. Sqlite Version: 3.34.1
Unsafe Shutdown Count: 62

System Info:

***python***
  version: (3, 9, 2, 'final', 0)
  version_string: 3.9.2 (default, Mar 12 2021, 04:06:34)  [GCC 10.2.1 20210110]

***cpu_info***
  cpu_count: 4
  bits: 32bit
  processor: aarch64
  cpu_desc: 
  serial_number: 100000004453ee49
  hardware_desc: BCM2835
  model: Raspberry Pi 4 Model B Rev 1.4
  total_memory: 3705528
  memory_units: kB

***sd_info***
  manufacturer_id: 6f
  manufacturer: Unknown
  oem_id: 0303
  product_name: CBADS
  product_revision: 1.0
  serial_number: aa0005c6
  manufacturer_date: 10/2022
  capacity: 29.1 GiB
  total_bytes: 31275876352

***distribution***
  name: Raspbian GNU/Linux 11 (bullseye)
  id: raspbian
  version: 11
  version_parts: {'major': '11', 'minor': '', 'build_number': ''}
  like: debian
  codename: bullseye
  release_info: {}
  kernel_version: 6.1.21-v8+

***virtualization***
  virt_type: none
  virt_identifier: none

***network***

***canbus***

***Allowed Services***
  klipper_mcu
  webcamd
  MoonCord
  KlipperScreen
  moonraker-telegram-bot
  moonraker-obico
  sonar
  crowsnest
  octoeverywhere
Found libcamera Python module, version: v0.0.5+83-bde9b04f

Systemd unit moonraker-Ender5.service:
unit_name: moonraker-Ender5.service
is_default: False
manager: systemd
Properties:
**Requires=['network-online.target', '-.mount', 'sysinit.target', 'system.slice']
**After=['network-online.target', '-.mount', 'systemd-journald.socket', 'sysinit.target', 'basic.target', 'system.slice']
**SupplementaryGroups=['moonraker-admin']
**EnvironmentFiles=/home/pi/Ender5_data/systemd/moonraker.env
**ExecStart=/home/pi/moonraker-env/bin/python $MOONRAKER_ARGS
**WorkingDirectory=/home/pi/moonraker
**FragmentPath=/etc/systemd/system/moonraker-Ender5.service
**Description=API Server for Klipper SV1 Ender5
**User=pi
CPU Throttled Flags: ['Previously Under-Volted', 'Previously Throttled']

Systemd unit klipper-Ender5.service:
unit_name: klipper-Ender5.service
is_default: False
manager: systemd
Properties:
**Requires=['sysinit.target', 'system.slice', '-.mount']
**After=['network-online.target', '-.mount', 'systemd-journald.socket', 'sysinit.target', 'basic.target', 'system.slice']
**SupplementaryGroups=[]
**EnvironmentFiles=/home/pi/Ender5_data/systemd/klipper.env
**ExecStart=/home/pi/klippy-env/bin/python $KLIPPER_ARGS
**WorkingDirectory=/home/pi/klipper
**FragmentPath=/etc/systemd/system/klipper-Ender5.service
**Description=Klipper 3D Printer Firmware SV1
**User=pi
Multiple instances of Moonraker have the update manager enabled.
moonraker-Ender3:f3b73e6f93a14a268ea6fcddf0c3f001:947
moonraker-Ender5:7b1425501a69432ca838d218c97a15b3:20632
Git Repo moonraker: No warnings detected
Git Repo klipper: Warnings detected:
  Repo has untracked source files: ['klippy/extras/gcode_shell_command.py']
Git Repo KlipperScreen: No warnings detected
Git Repo crowsnest: No warnings detected
Git Repo moonraker-telegram-bot: No warnings detected
Klipper Version: v0.12.0-378-gd6494ffed-dirty
2024-11-22 03:01:11,070 [machine.py:_find_public_ip()] - Detected Local IP: 192.168.1.224
2024-11-22 03:01:31,088 [machine.py:_find_public_ip()] - Detected Local IP: 192.168.1.224
2024-11-22 03:04:01,285 [machine.py:_find_public_ip()] - Detected Local IP: 192.168.1.224
2024-11-22 03:04:11,296 [machine.py:_find_public_ip()] - Detected Local IP: 192.168.1.224
2024-11-22 03:04:21,311 [machine.py:_find_public_ip()] - Detected Local IP: 192.168.1.224
2024-11-22 03:04:31,323 [machine.py:_find_public_ip()] - Detected Local IP: 192.168.1.224
2024-11-22 07:10:59,155 [authorization.py:_check_trusted_connection()] - Trusted Connection Detected, IP: 192.168.1.18
2024-11-22 07:10:59,157 [application.py:log_request()] - 101 GET /websocket (192.168.1.18) [_TRUSTED_USER_] 3.54ms
2024-11-22 07:10:59,158 [websockets.py:open()] - Websocket Opened: ID: 4090380568, Proxied: False, User Agent: Mozilla/5.0 (Linux; Android 10; K) AppleWebKit/537.36 (KHTML, like Gecko) Chrome/131.0.0.0 Mobile Safari/537.36, Host Name: 192.168.1.224
2024-11-22 07:10:59,170 [file_manager.py:get_file_list()] - Updating File List <config>...
2024-11-22 07:11:05,116 [application.py:log_request()] - 101 GET /websocket (192.168.1.18) [_TRUSTED_USER_] 1.79ms
2024-11-22 07:11:05,116 [websockets.py:open()] - Websocket Opened: ID: 4090380664, Proxied: False, User Agent: Mozilla/5.0 (Linux; Android 10; K) AppleWebKit/537.36 (KHTML, like Gecko) Chrome/131.0.0.0 Mobile Safari/537.36, Host Name: 192.168.1.224
2024-11-22 07:11:05,125 [websockets.py:_handle_identify()] - Websocket 4090380664 Client Identified - Name: mainsail, Version: 2.12.0, Type: web
2024-11-22 07:11:05,737 [websockets.py:on_close()] - Websocket Closed: ID: 4090380568 Close Code: None, Close Reason: None, Pong Time Elapsed: 6.58
2024-11-22 07:11:05,862 [application.py:log_request()] - 101 GET /websocket (192.168.1.18) [_TRUSTED_USER_] 122.85ms
2024-11-22 07:11:05,862 [websockets.py:open()] - Websocket Opened: ID: 4081162392, Proxied: False, User Agent: Mozilla/5.0 (Linux; Android 10; K) AppleWebKit/537.36 (KHTML, like Gecko) Chrome/131.0.0.0 Mobile Safari/537.36, Host Name: 192.168.1.224
2024-11-22 07:11:05,912 [file_manager.py:get_file_list()] - Updating File List <config>...
2024-11-22 07:11:18,732 [websockets.py:on_close()] - Websocket Closed: ID: 4090380664 Close Code: 1001, Close Reason: None, Pong Time Elapsed: 3.60
2024-11-22 07:11:18,734 [websockets.py:on_close()] - Websocket Closed: ID: 4081162392 Close Code: 1001, Close Reason: None, Pong Time Elapsed: 2.86
2024-11-22 07:46:53,817 [klippy_apis.py:resume_print()] - Requesting job resume...
2024-11-22 08:11:42,316 [authorization.py:_prune_conn_handler()] - Trusted Connection Expired, IP: 192.168.1.18
2024-11-22 09:52:47,235 [authorization.py:_check_trusted_connection()] - Trusted Connection Detected, IP: 192.168.1.211
2024-11-22 10:03:16,713 [application.py:prepare()] - Upload Request Received from 192.168.1.211
Content-Type: 
2024-11-22 10:03:16,725 [application.py:prepare()] - Upload Request Received from 192.168.1.211
Content-Type: multipart/form-data; boundary=---------------------------238791536420226418951121606609
2024-11-22 10:03:16,735 [application.py:post()] - Processing Uploaded File: printer.cfg
2024-11-22 10:03:16,739 [application.py:log_request()] - 201 POST /server/files/upload (192.168.1.211) [_TRUSTED_USER_] 15.23ms
2024-11-22 10:09:55,490 [application.py:prepare()] - Upload Request Received from 192.168.1.211
Content-Type: multipart/form-data; boundary=---------------------------3689205703712876294277536778
2024-11-22 10:09:55,513 [application.py:post()] - Processing Uploaded File: printer.cfg
2024-11-22 10:09:55,518 [application.py:log_request()] - 201 POST /server/files/upload (192.168.1.211) [_TRUSTED_USER_] 29.18ms
2024-11-22 11:05:59,547 [application.py:prepare()] - Upload Request Received from 192.168.1.211
Content-Type: multipart/form-data; boundary=---------------------------299879344923993994631506729516
2024-11-22 11:05:59,556 [application.py:post()] - Processing Uploaded File: moonraker.conf
2024-11-22 11:05:59,560 [application.py:log_request()] - 201 POST /server/files/upload (192.168.1.211) [_TRUSTED_USER_] 14.34ms
2024-11-22 11:06:13,675 [websockets.py:on_close()] - Websocket Closed: ID: 4090360880 Close Code: None, Close Reason: None, Pong Time Elapsed: 0.92
2024-11-22 11:06:14,160 [websockets.py:on_close()] - Websocket Closed: ID: 4090485728 Close Code: None, Close Reason: None, Pong Time Elapsed: 1.15
2024-11-22 11:06:14,197 [application.py:log_request()] - 101 GET /websocket (192.168.1.211) [_TRUSTED_USER_] 2.07ms
2024-11-22 11:06:14,197 [websockets.py:open()] - Websocket Opened: ID: 4090361936, Proxied: False, User Agent: Mozilla/5.0 (Windows NT 10.0; Win64; x64; rv:132.0) Gecko/20100101 Firefox/132.0, Host Name: 192.168.1.224
2024-11-22 11:06:14,224 [file_manager.py:get_file_list()] - Updating File List <config>...
2024-11-22 11:41:30,093 [application.py:log_request()] - 101 GET /websocket (192.168.1.211) [_TRUSTED_USER_] 2.30ms
2024-11-22 11:41:30,093 [websockets.py:open()] - Websocket Opened: ID: 4081157432, Proxied: False, User Agent: Mozilla/5.0 (Windows NT 10.0; Win64; x64; rv:132.0) Gecko/20100101 Firefox/132.0, Host Name: 192.168.1.224
2024-11-22 11:41:30,108 [websockets.py:_handle_identify()] - Websocket 4081157432 Client Identified - Name: mainsail, Version: 2.12.0, Type: web
2024-11-22 11:41:30,811 [websockets.py:on_close()] - Websocket Closed: ID: 4090361936 Close Code: None, Close Reason: None, Pong Time Elapsed: 6.61
2024-11-22 11:41:30,839 [application.py:log_request()] - 101 GET /websocket (192.168.1.211) [_TRUSTED_USER_] 1.54ms
2024-11-22 11:41:30,839 [websockets.py:open()] - Websocket Opened: ID: 4071340784, Proxied: False, User Agent: Mozilla/5.0 (Windows NT 10.0; Win64; x64; rv:132.0) Gecko/20100101 Firefox/132.0, Host Name: 192.168.1.224
2024-11-22 11:41:30,890 [file_manager.py:get_file_list()] - Updating File List <config>...
2024-11-22 12:10:56,579 [websockets.py:on_close()] - Websocket Closed: ID: 4081157432 Close Code: None, Close Reason: None, Pong Time Elapsed: 6.48
2024-11-22 12:10:57,116 [websockets.py:on_close()] - Websocket Closed: ID: 4071340784 Close Code: None, Close Reason: None, Pong Time Elapsed: 6.27
2024-11-22 12:10:57,151 [application.py:log_request()] - 101 GET /websocket (192.168.1.211) [_TRUSTED_USER_] 2.36ms
2024-11-22 12:10:57,151 [websockets.py:open()] - Websocket Opened: ID: 4090343464, Proxied: False, User Agent: Mozilla/5.0 (Windows NT 10.0; Win64; x64; rv:132.0) Gecko/20100101 Firefox/132.0, Host Name: 192.168.1.224
2024-11-22 12:10:57,176 [file_manager.py:get_file_list()] - Updating File List <config>...
2024-11-22 12:16:01,241 [application.py:log_request()] - 101 GET /websocket (192.168.1.211) [_TRUSTED_USER_] 4.37ms
2024-11-22 12:16:01,242 [websockets.py:open()] - Websocket Opened: ID: 4090347160, Proxied: False, User Agent: Mozilla/5.0 (Windows NT 10.0; Win64; x64; rv:132.0) Gecko/20100101 Firefox/132.0, Host Name: 192.168.1.224
2024-11-22 12:16:01,324 [websockets.py:_handle_identify()] - Websocket 4090347160 Client Identified - Name: mainsail, Version: 2.12.0, Type: web
2024-11-22 12:16:02,044 [websockets.py:on_close()] - Websocket Closed: ID: 4090343464 Close Code: None, Close Reason: None, Pong Time Elapsed: 4.89
2024-11-22 12:16:02,175 [application.py:log_request()] - 101 GET /websocket (192.168.1.211) [_TRUSTED_USER_] 48.80ms
2024-11-22 12:16:02,175 [websockets.py:open()] - Websocket Opened: ID: 4090345360, Proxied: False, User Agent: Mozilla/5.0 (Windows NT 10.0; Win64; x64; rv:132.0) Gecko/20100101 Firefox/132.0, Host Name: 192.168.1.224
2024-11-22 12:16:02,348 [file_manager.py:get_file_list()] - Updating File List <config>...
2024-11-22 12:16:03,934 [websockets.py:on_close()] - Websocket Closed: ID: 4090347160 Close Code: None, Close Reason: None, Pong Time Elapsed: 2.70
2024-11-22 12:16:04,427 [application.py:log_request()] - 101 GET /websocket (192.168.1.211) [_TRUSTED_USER_] 1.53ms
2024-11-22 12:16:04,427 [websockets.py:open()] - Websocket Opened: ID: 4070879752, Proxied: False, User Agent: Mozilla/5.0 (Windows NT 10.0; Win64; x64; rv:132.0) Gecko/20100101 Firefox/132.0, Host Name: 192.168.1.224
2024-11-22 12:16:04,718 [websockets.py:_handle_identify()] - Websocket 4070879752 Client Identified - Name: mainsail, Version: 2.12.0, Type: web
2024-11-22 12:16:04,910 [websockets.py:on_close()] - Websocket Closed: ID: 4090345360 Close Code: None, Close Reason: None, Pong Time Elapsed: 2.78
2024-11-22 12:16:05,017 [application.py:log_request()] - 101 GET /websocket (192.168.1.211) [_TRUSTED_USER_] 1.51ms
2024-11-22 12:16:05,017 [websockets.py:open()] - Websocket Opened: ID: 4070880496, Proxied: False, User Agent: Mozilla/5.0 (Windows NT 10.0; Win64; x64; rv:132.0) Gecko/20100101 Firefox/132.0, Host Name: 192.168.1.224
2024-11-22 12:16:05,068 [file_manager.py:get_file_list()] - Updating File List <config>...
2024-11-22 13:16:42,380 [authorization.py:_prune_conn_handler()] - Trusted Connection Expired, IP: 192.168.1.211
2024-11-22 13:57:51,641 [websockets.py:on_close()] - Websocket Closed: ID: 4070879752 Close Code: None, Close Reason: None, Pong Time Elapsed: 7.21
2024-11-22 13:57:52,393 [websockets.py:on_close()] - Websocket Closed: ID: 4070880496 Close Code: None, Close Reason: None, Pong Time Elapsed: 7.37
2024-11-22 13:57:52,434 [authorization.py:_check_trusted_connection()] - Trusted Connection Detected, IP: 192.168.1.211
2024-11-22 13:57:52,436 [application.py:log_request()] - 101 GET /websocket (192.168.1.211) [_TRUSTED_USER_] 2.62ms
2024-11-22 13:57:52,436 [websockets.py:open()] - Websocket Opened: ID: 4070881696, Proxied: False, User Agent: Mozilla/5.0 (Windows NT 10.0; Win64; x64; rv:132.0) Gecko/20100101 Firefox/132.0, Host Name: 192.168.1.224
2024-11-22 13:57:52,482 [file_manager.py:get_file_list()] - Updating File List <config>...
2024-11-22 13:58:22,208 [websockets.py:on_close()] - Websocket Closed: ID: 4070881696 Close Code: None, Close Reason: None, Pong Time Elapsed: 9.77
2024-11-22 13:58:22,233 [application.py:log_request()] - 101 GET /websocket (192.168.1.211) [_TRUSTED_USER_] 1.84ms
2024-11-22 13:58:22,233 [websockets.py:open()] - Websocket Opened: ID: 4071341360, Proxied: False, User Agent: Mozilla/5.0 (Windows NT 10.0; Win64; x64; rv:132.0) Gecko/20100101 Firefox/132.0, Host Name: 192.168.1.224
2024-11-22 13:58:22,272 [file_manager.py:get_file_list()] - Updating File List <config>...
2024-11-22 14:24:49,227 [websockets.py:on_close()] - Websocket Closed: ID: 4071341360 Close Code: 1001, Close Reason: None, Pong Time Elapsed: 6.99
2024-11-22 14:24:50,549 [application.py:log_request()] - 101 GET /websocket (192.168.1.211) [_TRUSTED_USER_] 2.04ms
2024-11-22 14:24:50,550 [websockets.py:open()] - Websocket Opened: ID: 4090345264, Proxied: False, User Agent: Mozilla/5.0 (Windows NT 10.0; Win64; x64; rv:132.0) Gecko/20100101 Firefox/132.0, Host Name: 192.168.1.224
2024-11-22 14:24:50,562 [file_manager.py:get_file_list()] - Updating File List <config>...
2024-11-22 14:33:53,482 [websockets.py:on_close()] - Websocket Closed: ID: 4090345264 Close Code: None, Close Reason: None, Pong Time Elapsed: 2.92
2024-11-22 14:33:53,754 [application.py:log_request()] - 101 GET /websocket (192.168.1.211) [_TRUSTED_USER_] 2.09ms
2024-11-22 14:33:53,754 [websockets.py:open()] - Websocket Opened: ID: 4081268456, Proxied: False, User Agent: Mozilla/5.0 (Windows NT 10.0; Win64; x64; rv:132.0) Gecko/20100101 Firefox/132.0, Host Name: 192.168.1.224
2024-11-22 14:33:53,809 [file_manager.py:get_file_list()] - Updating File List <config>...
2024-11-22 15:11:14,763 [websockets.py:on_close()] - Websocket Closed: ID: 4081268456 Close Code: 1001, Close Reason: None, Pong Time Elapsed: 1.01
2024-11-22 15:11:16,196 [application.py:log_request()] - 101 GET /websocket (192.168.1.211) [_TRUSTED_USER_] 2.51ms
2024-11-22 15:11:16,197 [websockets.py:open()] - Websocket Opened: ID: 4070861360, Proxied: False, User Agent: Mozilla/5.0 (Windows NT 10.0; Win64; x64; rv:132.0) Gecko/20100101 Firefox/132.0, Host Name: 192.168.1.224
2024-11-22 15:11:16,216 [file_manager.py:get_file_list()] - Updating File List <config>...
2024-11-22 15:11:35,558 [websockets.py:on_close()] - Websocket Closed: ID: 4070861360 Close Code: None, Close Reason: None, Pong Time Elapsed: 9.36
2024-11-22 15:11:35,585 [application.py:log_request()] - 101 GET /websocket (192.168.1.211) [_TRUSTED_USER_] 1.99ms
2024-11-22 15:11:35,586 [websockets.py:open()] - Websocket Opened: ID: 4070861744, Proxied: False, User Agent: Mozilla/5.0 (Windows NT 10.0; Win64; x64; rv:132.0) Gecko/20100101 Firefox/132.0, Host Name: 192.168.1.224
2024-11-22 15:11:35,606 [file_manager.py:get_file_list()] - Updating File List <config>...
2024-11-22 15:11:48,338 [websockets.py:on_close()] - Websocket Closed: ID: 4070861744 Close Code: 1001, Close Reason: None, Pong Time Elapsed: 2.75
2024-11-22 15:11:49,364 [application.py:log_request()] - 101 GET /websocket (192.168.1.211) [_TRUSTED_USER_] 1.96ms
2024-11-22 15:11:49,365 [websockets.py:open()] - Websocket Opened: ID: 4070932072, Proxied: False, User Agent: Mozilla/5.0 (Windows NT 10.0; Win64; x64; rv:132.0) Gecko/20100101 Firefox/132.0, Host Name: 192.168.1.224
2024-11-22 15:11:49,387 [file_manager.py:get_file_list()] - Updating File List <config>...
2024-11-22 15:23:01,448 [websockets.py:on_close()] - Websocket Closed: ID: 4070932072 Close Code: None, Close Reason: None, Pong Time Elapsed: 2.08
2024-11-22 15:23:01,473 [application.py:log_request()] - 101 GET /websocket (192.168.1.211) [_TRUSTED_USER_] 2.14ms
2024-11-22 15:23:01,474 [websockets.py:open()] - Websocket Opened: ID: 4070910560, Proxied: False, User Agent: Mozilla/5.0 (Windows NT 10.0; Win64; x64; rv:132.0) Gecko/20100101 Firefox/132.0, Host Name: 192.168.1.224
2024-11-22 15:23:01,485 [file_manager.py:get_file_list()] - Updating File List <config>...
2024-11-22 15:23:15,802 [websockets.py:on_close()] - Websocket Closed: ID: 4070910560 Close Code: 1001, Close Reason: None, Pong Time Elapsed: 4.32
2024-11-22 15:23:16,735 [application.py:log_request()] - 101 GET /websocket (192.168.1.211) [_TRUSTED_USER_] 2.11ms
2024-11-22 15:23:16,735 [websockets.py:open()] - Websocket Opened: ID: 4070930344, Proxied: False, User Agent: Mozilla/5.0 (Windows NT 10.0; Win64; x64; rv:132.0) Gecko/20100101 Firefox/132.0, Host Name: 192.168.1.224
2024-11-22 15:23:16,756 [file_manager.py:get_file_list()] - Updating File List <config>...
2024-11-22 15:23:37,028 [websockets.py:on_close()] - Websocket Closed: ID: 4070930344 Close Code: None, Close Reason: None, Pong Time Elapsed: 0.29
2024-11-22 15:23:37,049 [application.py:log_request()] - 101 GET /websocket (192.168.1.211) [_TRUSTED_USER_] 1.88ms
2024-11-22 15:23:37,049 [websockets.py:open()] - Websocket Opened: ID: 4090485608, Proxied: False, User Agent: Mozilla/5.0 (Windows NT 10.0; Win64; x64; rv:132.0) Gecko/20100101 Firefox/132.0, Host Name: 192.168.1.224
2024-11-22 15:23:37,065 [file_manager.py:get_file_list()] - Updating File List <config>...
2024-11-22 15:23:49,558 [websockets.py:on_close()] - Websocket Closed: ID: 4090485608 Close Code: 1001, Close Reason: None, Pong Time Elapsed: 2.51
2024-11-22 15:23:50,433 [application.py:log_request()] - 101 GET /websocket (192.168.1.211) [_TRUSTED_USER_] 2.00ms
2024-11-22 15:23:50,434 [websockets.py:open()] - Websocket Opened: ID: 4090486616, Proxied: False, User Agent: Mozilla/5.0 (Windows NT 10.0; Win64; x64; rv:132.0) Gecko/20100101 Firefox/132.0, Host Name: 192.168.1.224
2024-11-22 15:23:50,448 [file_manager.py:get_file_list()] - Updating File List <config>...
2024-11-22 15:28:27,946 [klippy_connection.py:_process_status_update()] - Klippy has shutdown
2024-11-22 15:28:27,951 [proc_stats.py:_handle_shutdown()] - 
Moonraker System Usage Statistics:
System Time: 1732310878.201392, Usage: 1.65%, Memory: 40764 kB
System Time: 1732310879.200521, Usage: 1.93%, Memory: 40764 kB
System Time: 1732310880.202149, Usage: 1.08%, Memory: 40764 kB
System Time: 1732310881.202812, Usage: 1.16%, Memory: 40764 kB
System Time: 1732310882.203825, Usage: 2.16%, Memory: 40764 kB
System Time: 1732310883.204916, Usage: 1.32%, Memory: 40764 kB
System Time: 1732310884.207946, Usage: 1.54%, Memory: 40764 kB
System Time: 1732310885.206047, Usage: 3.54%, Memory: 40764 kB
System Time: 1732310886.206847, Usage: 4.25%, Memory: 40764 kB
System Time: 1732310887.208688, Usage: 1.15%, Memory: 40764 kB
System Time: 1732310888.209739, Usage: 1.12%, Memory: 40764 kB
System Time: 1732310889.212291, Usage: 1.21%, Memory: 40764 kB
System Time: 1732310890.214877, Usage: 1.46%, Memory: 40764 kB
System Time: 1732310891.215509, Usage: 2.13%, Memory: 40764 kB
System Time: 1732310892.216837, Usage: 3.39%, Memory: 40764 kB
System Time: 1732310893.215757, Usage: 1.29%, Memory: 40764 kB
System Time: 1732310894.224136, Usage: 2.01%, Memory: 40764 kB
System Time: 1732310895.224165, Usage: 1.25%, Memory: 40764 kB
System Time: 1732310896.225119, Usage: 3.81%, Memory: 40764 kB
System Time: 1732310897.230369, Usage: 1.72%, Memory: 40764 kB
System Time: 1732310898.226692, Usage: 1.64%, Memory: 40764 kB
System Time: 1732310899.228065, Usage: 1.12%, Memory: 40764 kB
System Time: 1732310900.227963, Usage: 1.12%, Memory: 40764 kB
System Time: 1732310901.229272, Usage: 1.25%, Memory: 40764 kB
System Time: 1732310902.230214, Usage: 2.17%, Memory: 40764 kB
System Time: 1732310903.234814, Usage: 1.16%, Memory: 40764 kB
System Time: 1732310904.236530, Usage: 1.05%, Memory: 40764 kB
System Time: 1732310905.238160, Usage: 1.05%, Memory: 40764 kB
System Time: 1732310906.239574, Usage: 1.28%, Memory: 40764 kB
System Time: 1732310907.241309, Usage: 1.06%, Memory: 40764 kB
CPU Temperature: 44.303
2024-11-22 15:28:27,952 [proc_stats.py:_handle_shutdown()] - Throttled Flags: Previously Under-Volted Previously Throttled
2024-11-22 15:37:30,498 [websockets.py:on_close()] - Websocket Closed: ID: 4081158056 Close Code: None, Close Reason: None, Pong Time Elapsed: 4.49
2024-11-22 15:37:30,543 [authorization.py:_check_trusted_connection()] - Trusted Connection Detected, IP: 192.168.1.15
2024-11-22 15:37:30,545 [application.py:log_request()] - 101 GET /websocket (192.168.1.15) [_TRUSTED_USER_] 2.75ms
2024-11-22 15:37:30,545 [websockets.py:open()] - Websocket Opened: ID: 4081157072, Proxied: False, User Agent: Mozilla/5.0 (Windows NT 10.0; Win64; x64; rv:132.0) Gecko/20100101 Firefox/132.0, Host Name: 192.168.1.224
2024-11-22 15:37:30,661 [file_manager.py:get_file_list()] - Updating File List <config>...
2024-11-22 15:37:39,586 [websockets.py:on_close()] - Websocket Closed: ID: 4081157072 Close Code: None, Close Reason: None, Pong Time Elapsed: 9.04
2024-11-22 15:37:39,733 [application.py:log_request()] - 101 GET /websocket (192.168.1.15) [_TRUSTED_USER_] 4.04ms
2024-11-22 15:37:39,734 [websockets.py:open()] - Websocket Opened: ID: 4081158248, Proxied: False, User Agent: Mozilla/5.0 (Windows NT 10.0; Win64; x64; rv:132.0) Gecko/20100101 Firefox/132.0, Host Name: 192.168.1.224
2024-11-22 15:37:39,816 [file_manager.py:get_file_list()] - Updating File List <config>...
2024-11-22 15:37:42,040 [application.py:log_request()] - 101 GET /websocket (192.168.1.15) [_TRUSTED_USER_] 2.17ms
2024-11-22 15:37:42,040 [websockets.py:open()] - Websocket Opened: ID: 4070860328, Proxied: False, User Agent: Mozilla/5.0 (Windows NT 10.0; Win64; x64; rv:132.0) Gecko/20100101 Firefox/132.0, Host Name: 192.168.1.224
2024-11-22 15:37:42,103 [websockets.py:_handle_identify()] - Websocket 4070860328 Client Identified - Name: mainsail, Version: 2.12.0, Type: web
2024-11-22 15:37:42,730 [websockets.py:on_close()] - Websocket Closed: ID: 4081158248 Close Code: None, Close Reason: None, Pong Time Elapsed: 3.00
2024-11-22 15:37:42,851 [application.py:log_request()] - 101 GET /websocket (192.168.1.15) [_TRUSTED_USER_] 119.57ms
2024-11-22 15:37:42,851 [websockets.py:open()] - Websocket Opened: ID: 4070860928, Proxied: False, User Agent: Mozilla/5.0 (Windows NT 10.0; Win64; x64; rv:132.0) Gecko/20100101 Firefox/132.0, Host Name: 192.168.1.224
2024-11-22 15:37:42,956 [file_manager.py:get_file_list()] - Updating File List <config>...
2024-11-22 15:37:43,655 [websockets.py:on_close()] - Websocket Closed: ID: 4070860328 Close Code: None, Close Reason: None, Pong Time Elapsed: 1.62
2024-11-22 15:37:43,703 [application.py:log_request()] - 101 GET /websocket (192.168.1.15) [_TRUSTED_USER_] 1.45ms
2024-11-22 15:37:43,704 [websockets.py:open()] - Websocket Opened: ID: 4070862560, Proxied: False, User Agent: Mozilla/5.0 (Windows NT 10.0; Win64; x64; rv:132.0) Gecko/20100101 Firefox/132.0, Host Name: 192.168.1.224
2024-11-22 15:37:43,732 [websockets.py:_handle_identify()] - Websocket 4070862560 Client Identified - Name: mainsail, Version: 2.12.0, Type: web
2024-11-22 15:37:44,057 [websockets.py:on_close()] - Websocket Closed: ID: 4070860928 Close Code: None, Close Reason: None, Pong Time Elapsed: 1.33
2024-11-22 15:37:44,095 [application.py:log_request()] - 101 GET /websocket (192.168.1.15) [_TRUSTED_USER_] 1.59ms
2024-11-22 15:37:44,096 [websockets.py:open()] - Websocket Opened: ID: 4071535040, Proxied: False, User Agent: Mozilla/5.0 (Windows NT 10.0; Win64; x64; rv:132.0) Gecko/20100101 Firefox/132.0, Host Name: 192.168.1.224
2024-11-22 15:37:45,184 [file_manager.py:get_file_list()] - Updating File List <config>...
2024-11-22 15:39:17,621 [common.py:build_error()] - JSON-RPC Request Error - Requested Method: printer.gcode.script, Code: 400, Message: MCU 'mcu' shutdown: Timer too close
This often indicates the host computer is overloaded. Check
for other processes consuming excessive CPU time, high swap
usage, disk errors, overheating, unstable voltage, or
similar system problems on the host computer.
Once the underlying issue is corrected, use the
"FIRMWARE_RESTART" command to reset the firmware, reload the
config, and restart the host software.
Printer is shutdown
Klipper state: Not ready
2024-11-22 15:40:00,626 [klippy_connection.py:_on_connection_closed()] - Klippy Connection Removed
2024-11-22 15:40:01,887 [klippy_connection.py:_do_connect()] - Klippy Connection Established
2024-11-22 15:40:01,933 [machine.py:extract_service_info()] - Detected alternate unit name for klipper: klipper-Ender5.service
2024-11-22 15:40:01,962 [server.py:add_log_rollover_item()] - 
Systemd unit klipper-Ender5.service:
unit_name: klipper-Ender5.service
is_default: False
manager: systemd
Properties:
**Requires=['system.slice', '-.mount', 'sysinit.target']
**After=['-.mount', 'basic.target', 'systemd-journald.socket', 'sysinit.target', 'system.slice', 'network-online.target']
**SupplementaryGroups=[]
**EnvironmentFiles=/home/pi/Ender5_data/systemd/klipper.env
**ExecStart=/home/pi/klippy-env/bin/python $KLIPPER_ARGS
**WorkingDirectory=/home/pi/klipper
**FragmentPath=/etc/systemd/system/klipper-Ender5.service
**Description=Klipper 3D Printer Firmware SV1
**User=pi
2024-11-22 15:40:05,305 [klippy_connection.py:_request_initial_subscriptions()] - Webhooks Subscribed
2024-11-22 15:40:05,307 [klippy_connection.py:_request_initial_subscriptions()] - GCode Output Subscribed
2024-11-22 15:40:05,556 [job_state.py:_handle_started()] - Job state initialized: standby
2024-11-22 15:40:05,826 [klippy_connection.py:_check_ready()] - Klippy ready
2024-11-22 15:40:05,832 [file_manager.py:get_file_list()] - Updating File List <config>...
2024-11-22 15:40:05,983 [file_manager.py:get_file_list()] - Updating File List <config>...
2024-11-22 15:40:06,308 [data_store.py:_init_sensors()] - Configuring available sensors: ['heater_bed', 'temperature_sensor RPI_Sensor', 'extruder']
2024-11-22 15:40:34,544 [application.py:log_request()] - 101 GET /websocket (192.168.1.211) [_TRUSTED_USER_] 2.13ms
2024-11-22 15:40:34,544 [websockets.py:open()] - Websocket Opened: ID: 4070947520, Proxied: False, User Agent: Mozilla/5.0 (Windows NT 10.0; Win64; x64; rv:132.0) Gecko/20100101 Firefox/132.0, Host Name: 192.168.1.224
2024-11-22 15:40:34,556 [websockets.py:_handle_identify()] - Websocket 4070947520 Client Identified - Name: mainsail, Version: 2.12.0, Type: web
2024-11-22 15:40:35,127 [websockets.py:on_close()] - Websocket Closed: ID: 4090486616 Close Code: None, Close Reason: None, Pong Time Elapsed: 4.69
2024-11-22 15:40:35,209 [application.py:log_request()] - 101 GET /websocket (192.168.1.211) [_TRUSTED_USER_] 81.94ms
2024-11-22 15:40:35,210 [websockets.py:open()] - Websocket Opened: ID: 4071351320, Proxied: False, User Agent: Mozilla/5.0 (Windows NT 10.0; Win64; x64; rv:132.0) Gecko/20100101 Firefox/132.0, Host Name: 192.168.1.224
2024-11-22 15:40:35,298 [file_manager.py:get_file_list()] - Updating File List <config>...
2024-11-22 15:52:50,946 [application.py:prepare()] - Upload Request Received from 192.168.1.211
Content-Type: multipart/form-data; boundary=---------------------------168581486416376831171364320622
2024-11-22 15:52:53,897 [application.py:post()] - Processing Uploaded File: Hogwarts_-_part_1.v2 - Copy.gcode
2024-11-22 15:53:07,594 [proc_stats.py:_watchdog_callback()] - EVENT LOOP BLOCKED: 14.58 seconds, total blocked count: 1
2024-11-22 15:53:07,768 [shell_command.py:pipe_data_received()] - INFO:metadata:Object Processing is enabled

2024-11-22 15:53:07,796 [proc_stats.py:log_last_stats()] - 
System Time: 1732312370.100521, Usage: 2.7%, Memory: 41352 kB
System Time: 1732312371.102707, Usage: 4.3%, Memory: 41352 kB
System Time: 1732312372.103909, Usage: 2.5%, Memory: 41352 kB
System Time: 1732312373.104518, Usage: 62.93%, Memory: 41352 kB
System Time: 1732312387.631347, Usage: 5.97%, Memory: 41352 kB
2024-11-22 15:53:07,817 [shell_command.py:pipe_data_received()] - INFO:prepropress_cancellation:Shapely not found, complex hulls disabled

2024-11-22 15:53:07,821 [shell_command.py:pipe_data_received()] - INFO:metadata:Performing Object Processing on file: Hogwarts_-_part_1.v2 - Copy.gcode, sliced by Cura

2024-11-22 15:53:46,908 [shell_command.py:_check_proc_success()] - Command (/home/pi/moonraker-env/bin/python /home/pi/moonraker/moonraker/components/file_manager/metadata.py -p /home/pi/Ender5_data/gcodes -f "Hogwarts_-_part_1.v2 - Copy.gcode" --check-objects) successfully finished
2024-11-22 15:53:46,912 [application.py:log_request()] - 201 POST /server/files/upload (192.168.1.211) [_TRUSTED_USER_] 55968.50ms
2024-11-22 16:17:38,689 [websockets.py:on_close()] - Websocket Closed: ID: 4070947520 Close Code: 1001, Close Reason: None, Pong Time Elapsed: 4.14
2024-11-22 16:17:38,691 [websockets.py:on_close()] - Websocket Closed: ID: 4071351320 Close Code: 1001, Close Reason: None, Pong Time Elapsed: 3.48
2024-11-22 16:17:40,918 [application.py:log_request()] - 101 GET /websocket (192.168.1.211) [_TRUSTED_USER_] 1.91ms
2024-11-22 16:17:40,918 [websockets.py:open()] - Websocket Opened: ID: 4071521056, Proxied: False, User Agent: Mozilla/5.0 (Windows NT 10.0; Win64; x64; rv:132.0) Gecko/20100101 Firefox/132.0, Host Name: 192.168.1.224
2024-11-22 16:17:40,951 [file_manager.py:get_file_list()] - Updating File List <config>...
2024-11-22 16:18:51,230 [server.py:_handle_term_signal()] - Exiting with signal SIGTERM
2024-11-22 16:18:51,233 [klippy_connection.py:_on_connection_closed()] - Klippy Connection Removed
2024-11-22 16:18:51,343 [websockets.py:on_close()] - Websocket Closed: ID: 4071521056 Close Code: 1001, Close Reason: Server Shutdown, Pong Time Elapsed: 0.42
2024-11-22 16:18:51,421 [websockets.py:write_to_socket()] - Websocket closed while writing: 4070862560
2024-11-22 16:18:51,422 [websockets.py:write_to_socket()] - Websocket closed while writing: 4071535040
2024-11-22 16:18:51,672 [websockets.py:on_close()] - Websocket Closed: ID: 4070862560 Close Code: 1001, Close Reason: Server Shutdown, Pong Time Elapsed: 7.96
2024-11-22 16:18:51,673 [websockets.py:on_close()] - Websocket Closed: ID: 4071535040 Close Code: 1001, Close Reason: Server Shutdown, Pong Time Elapsed: 7.58
2024-11-22 16:18:52,666 [server.py:main()] - Server Shutdown
-------------------- Log Start | Fri Nov 22 22:19:17 2024 --------------------
platform: Linux-6.1.21-v8+-aarch64-with-glibc2.31
data_path: /home/pi/Ender5_data
is_default_data_path: False
config_file: /home/pi/Ender5_data/config/moonraker.conf
backup_config: None
startup_warnings: []
verbose: False
debug: False
asyncio_debug: False
is_backup_config: False
is_python_package: False
instance_uuid: 7b1425501a69432ca838d218c97a15b3
unix_socket_path: /home/pi/Ender5_data/comms/moonraker.sock
software_version: v0.9.3-3-gccfe32f
git_branch: master
git_remote: origin
git_repo_url: https://github.com/Arksine/moonraker.git
modified_files: []
unofficial_components: []
log_file: /home/pi/Ender5_data/logs/moonraker.log
python_version: 3.9.2 (default, Mar 12 2021, 04:06:34)  [GCC 10.2.1 20210110]
launch_args: /home/pi/moonraker-env/bin/python /home/pi/moonraker/moonraker/moonraker.py -d /home/pi/Ender5_data
msgspec_enabled: False
uvloop_enabled: False
2024-11-22 16:19:17,560 [confighelper.py:read_file()] - Configuration File '/home/pi/Ender5_data/config/moonraker.conf' parsed, total size: 6228 B
2024-11-22 16:19:17,560 [server.py:add_log_rollover_item()] - 
#################### Moonraker Configuration ####################

[server]
host = 0.0.0.0
port = 7126
klippy_uds_address = /home/pi/Ender5_data/comms/klippy.sock

[file_manager]
enable_object_processing = True

[authorization]
trusted_clients = 
	127.0.0.1
	10.0.0.0/8
	127.0.0.0/8
	169.254.0.0/16
	172.16.0.0/12
	192.168.0.0/16
	FE80::/10
	::1/128
	192.168.1.224
cors_domains = 
	*.lan
	*.local
	*://localhost
	*://localhost:*
	*://my.mainsail.xyz
	*://app.fluidd.xyz
	*://Ender5
	*://Ender5.local
	*://192.168.1.224

[octoprint_compat]

[history]

[update_manager]
refresh_interval = 168

[update_manager mainsail]
type = web
repo = mainsail-crew/mainsail
path = ~/mainsail

[update_manager KlipperScreen]
type = git_repo
path = ~/KlipperScreen
origin = https://github.com/jordanruthe/KlipperScreen.git
env = ~/.KlipperScreen-env/bin/python
requirements = scripts/KlipperScreen-requirements.txt
install_script = scripts/KlipperScreen-install.sh
managed_services = KlipperScreen

[update_manager crowsnest]
type = git_repo
path = ~/crowsnest
origin = https://github.com/mainsail-crew/crowsnest.git
install_script = tools/install.sh

[update_manager client moonraker-telegram-bot]
type = git_repo
path = ~/moonraker-telegram-bot
origin = https://github.com/nlef/moonraker-telegram-bot.git
env = ~/moonraker-telegram-bot-env/bin/python
requirements = scripts/requirements.txt
install_script = scripts/install.sh

[update_manager klipper-backup]
type = git_repo
path = ~/klipper-backup
origin = https://github.com/Staubgeborener/klipper-backup.git
managed_services = moonraker
primary_branch = main

[power light_strip]
type = gpio
pin = gpiochip0/gpio16
initial_state = off

#################################################################
All Configuration Files:
/home/pi/Ender5_data/config/moonraker.conf
#################################################################
2024-11-22 16:19:18,077 [server.py:load_component()] - Component (secrets) loaded
2024-11-22 16:19:18,106 [server.py:load_component()] - Component (template) loaded
2024-11-22 16:19:18,114 [server.py:load_component()] - Component (klippy_connection) loaded
2024-11-22 16:19:22,238 [server.py:load_component()] - Component (application) loaded
2024-11-22 16:19:22,441 [server.py:load_component()] - Component (websockets) loaded
2024-11-22 16:19:29,930 [server.py:add_log_rollover_item()] - Loading Sqlite database provider. Sqlite Version: 3.34.1
2024-11-22 16:19:59,370 [server.py:add_log_rollover_item()] - Unsafe Shutdown Count: 62
2024-11-22 16:19:59,604 [server.py:load_component()] - Component (database) loaded
2024-11-22 16:20:00,781 [server.py:load_component()] - Component (dbus_manager) loaded
2024-11-22 16:20:00,959 [file_manager.py:__init__()] - Using File System Observer: inotify
2024-11-22 16:20:03,180 [server.py:load_component()] - Component (file_manager) loaded
2024-11-22 16:20:03,415 [database.py:register_table()] - Found registered table authorized_users
2024-11-22 16:20:03,426 [authorization.py:__init__()] - Authorization Configuration Loaded
Trusted Clients:
127.0.0.1
192.168.1.224
10.0.0.0/8
127.0.0.0/8
169.254.0.0/16
172.16.0.0/12
192.168.0.0/16
fe80::/10
::1/128
CORS Domains:
.*\.lan
.*\.local
.*://localhost
.*://localhost:.*
.*://my\.mainsail\.xyz
.*://app\.fluidd\.xyz
.*://Ender5
.*://Ender5\.local
.*://192\.168\.1\.224
2024-11-22 16:20:03,431 [server.py:load_component()] - Component (authorization) loaded
2024-11-22 16:20:03,459 [server.py:load_component()] - Component (klippy_apis) loaded
2024-11-22 16:20:11,084 [server.py:add_log_rollover_item()] - 
System Info:

***python***
  version: (3, 9, 2, 'final', 0)
  version_string: 3.9.2 (default, Mar 12 2021, 04:06:34)  [GCC 10.2.1 20210110]

***cpu_info***
  cpu_count: 4
  bits: 32bit
  processor: aarch64
  cpu_desc: 
  serial_number: 100000004453ee49
  hardware_desc: BCM2835
  model: Raspberry Pi 4 Model B Rev 1.4
  total_memory: 3705528
  memory_units: kB

***sd_info***
  manufacturer_id: 6f
  manufacturer: Unknown
  oem_id: 0303
  product_name: CBADS
  product_revision: 1.0
  serial_number: aa0005c6
  manufacturer_date: 10/2022
  capacity: 29.1 GiB
  total_bytes: 31275876352

***distribution***
  name: Raspbian GNU/Linux 11 (bullseye)
  id: raspbian
  version: 11
  version_parts: {'major': '11', 'minor': '', 'build_number': ''}
  like: debian
  codename: bullseye
  release_info: {}
  kernel_version: 6.1.21-v8+

***virtualization***
  virt_type: none
  virt_identifier: none

***network***

***canbus***

***Allowed Services***
  klipper_mcu
  webcamd
  MoonCord
  KlipperScreen
  moonraker-telegram-bot
  moonraker-obico
  sonar
  crowsnest
  octoeverywhere
2024-11-22 16:20:11,112 [server.py:load_component()] - Component (shell_command) loaded
2024-11-22 16:20:11,113 [machine.py:__init__()] - Using System Provider: systemd_dbus
2024-11-22 16:20:11,207 [server.py:add_log_rollover_item()] - Found libcamera Python module, version: v0.0.5+83-bde9b04f
2024-11-22 16:20:11,208 [server.py:load_component()] - Component (machine) loaded
2024-11-22 16:20:11,226 [server.py:load_component()] - Component (data_store) loaded
2024-11-22 16:20:11,258 [proc_stats.py:__init__()] - Detected 'vcgencmd', throttle checking enabled
2024-11-22 16:20:11,259 [server.py:load_component()] - Component (proc_stats) loaded
2024-11-22 16:20:11,278 [server.py:load_component()] - Component (job_state) loaded
2024-11-22 16:20:11,290 [server.py:load_component()] - Component (job_queue) loaded
2024-11-22 16:20:11,309 [database.py:register_table()] - Found registered table job_history
2024-11-22 16:20:11,310 [database.py:register_table()] - Found registered table job_totals
2024-11-22 16:20:11,313 [server.py:load_component()] - Component (history) loaded
2024-11-22 16:20:11,367 [server.py:load_component()] - Component (http_client) loaded
2024-11-22 16:20:11,395 [server.py:load_component()] - Component (announcements) loaded
2024-11-22 16:20:11,424 [server.py:load_component()] - Component (webcam) loaded
2024-11-22 16:20:11,450 [server.py:load_component()] - Component (extensions) loaded
2024-11-22 16:20:11,470 [server.py:load_component()] - Component (octoprint_compat) loaded
2024-11-22 16:20:11,662 [base_deploy.py:log_info()] - Git Repo moonraker: Detected virtualenv: /home/pi/moonraker-env
2024-11-22 16:20:11,665 [base_deploy.py:log_info()] - Git Repo klipper: Detected virtualenv: /home/pi/klippy-env
2024-11-22 16:20:11,671 [base_deploy.py:log_info()] - Git Repo KlipperScreen: Option 'env' is deprecated, use 'virtualenv' instead.
2024-11-22 16:20:11,674 [base_deploy.py:log_info()] - Git Repo KlipperScreen: Detected virtualenv: /home/pi/.KlipperScreen-env
2024-11-22 16:20:11,691 [base_deploy.py:log_info()] - Git Repo moonraker-telegram-bot: Option 'env' is deprecated, use 'virtualenv' instead.
2024-11-22 16:20:11,691 [base_deploy.py:log_info()] - Git Repo moonraker-telegram-bot: Detected virtualenv: /home/pi/moonraker-telegram-bot-env
2024-11-22 16:20:11,711 [server.py:load_component()] - Component (update_manager) loaded
2024-11-22 16:20:11,727 [power.py:__init__()] - Power component loading devices: ['power light_strip']
2024-11-22 16:20:12,076 [server.py:load_component()] - Component (gpio) loaded
2024-11-22 16:20:12,088 [server.py:load_component()] - Component (power) loaded
2024-11-22 16:20:12,089 [server.py:_initialize_component()] - Performing Component Post Init: [database]
2024-11-22 16:20:22,703 [server.py:_initialize_component()] - Performing Component Post Init: [dbus_manager]
2024-11-22 16:20:22,754 [server.py:_initialize_component()] - Performing Component Post Init: [file_manager]
2024-11-22 16:20:23,173 [server.py:_initialize_component()] - Performing Component Post Init: [authorization]
2024-11-22 16:20:23,184 [server.py:_initialize_component()] - Performing Component Post Init: [machine]
2024-11-22 16:20:23,186 [machine.py:validation_init()] - Installation version in database up to date
2024-11-22 16:20:24,355 [machine.py:check_virt_status()] - No Virtualization Detected
2024-11-22 16:20:24,396 [machine.py:_find_public_ip()] - Detected Local IP: 192.168.1.224
2024-11-22 16:20:24,399 [webcam.py:_set_default_host_ip()] - Default public webcam address set: http://192.168.1.224
2024-11-22 16:20:24,446 [machine.py:extract_service_info()] - Detected alternate unit name for moonraker: moonraker-Ender5.service
2024-11-22 16:20:24,480 [server.py:add_log_rollover_item()] - 
Systemd unit moonraker-Ender5.service:
unit_name: moonraker-Ender5.service
is_default: False
manager: systemd
Properties:
**Requires=['sysinit.target', 'network-online.target', 'system.slice', '-.mount']
**After=['sysinit.target', 'basic.target', 'network-online.target', 'systemd-journald.socket', 'system.slice', '-.mount']
**SupplementaryGroups=['moonraker-admin']
**EnvironmentFiles=/home/pi/Ender5_data/systemd/moonraker.env
**ExecStart=/home/pi/moonraker-env/bin/python $MOONRAKER_ARGS
**WorkingDirectory=/home/pi/moonraker
**FragmentPath=/etc/systemd/system/moonraker-Ender5.service
**Description=API Server for Klipper SV1 Ender5
**User=pi
2024-11-22 16:20:24,480 [server.py:_initialize_component()] - Performing Component Post Init: [proc_stats]
2024-11-22 16:20:24,481 [server.py:_initialize_component()] - Performing Component Post Init: [history]
2024-11-22 16:20:24,515 [server.py:_initialize_component()] - Performing Component Post Init: [announcements]
2024-11-22 16:20:24,522 [server.py:_initialize_component()] - Performing Component Post Init: [webcam]
2024-11-22 16:20:24,522 [webcam.py:_set_default_host_ip()] - Default public webcam address set: http://192.168.1.224
2024-11-22 16:20:24,534 [server.py:_initialize_component()] - Performing Component Post Init: [klippy_connection]
2024-11-22 16:20:24,534 [server.py:add_log_rollover_item()] - 
Systemd unit klipper-Ender5.service:
unit_name: klipper-Ender5.service
is_default: False
manager: systemd
Properties:
**Requires=['system.slice', '-.mount', 'sysinit.target']
**After=['-.mount', 'basic.target', 'systemd-journald.socket', 'sysinit.target', 'system.slice', 'network-online.target']
**SupplementaryGroups=[]
**EnvironmentFiles=/home/pi/Ender5_data/systemd/klipper.env
**ExecStart=/home/pi/klippy-env/bin/python $KLIPPER_ARGS
**WorkingDirectory=/home/pi/klipper
**FragmentPath=/etc/systemd/system/klipper-Ender5.service
**Description=Klipper 3D Printer Firmware SV1
**User=pi
2024-11-22 16:20:24,534 [server.py:_initialize_component()] - Performing Component Post Init: [update_manager]
2024-11-22 16:20:24,535 [server.py:_initialize_component()] - Performing Component Post Init: [power]
2024-11-22 16:20:24,539 [server.py:add_log_rollover_item()] - Multiple instances of Moonraker have the update manager enabled.
moonraker-Ender3:f3b73e6f93a14a268ea6fcddf0c3f001:836
moonraker-Ender5:7b1425501a69432ca838d218c97a15b3:844
2024-11-22 16:20:49,370 [base_deploy.py:log_info()] - PackageDeploy: PackageKit Provider Configured
2024-11-22 16:20:49,383 [base_deploy.py:log_info()] - Git Repo moonraker: Stored pip version: 24.0
2024-11-22 16:20:49,385 [git_deploy.py:log_repo_info()] - Git Repo moonraker Detected:
Owner: Arksine
Repository Name: moonraker
Path: /home/pi/moonraker
Remote: origin
Branch: master
Remote URL: https://github.com/Arksine/moonraker.git
Recovery URL: https://github.com/Arksine/moonraker.git
Current Commit SHA: ccfe32f2368a5ff6c2497478319909daeeeb8edf
Upstream Commit SHA: ccfe32f2368a5ff6c2497478319909daeeeb8edf
Current Version: v0.9.3-3-gccfe32f2
Upstream Version: v0.9.3-3-gccfe32f2
Rollback Commit: 4e00a0760e756872b2fbb23a82b88dbceb383cf4
Rollback Branch: master
Rollback Version: v0.9.3-1-g4e00a076
Is Dirty: False
Is Detached: False
Is Shallow: False
Commits Behind Count: 0
Diverged: False
Pinned Commit: None
2024-11-22 16:20:49,390 [base_deploy.py:log_info()] - Git Repo klipper: Stored pip version: 23.3.2
2024-11-22 16:20:49,391 [git_deploy.py:log_repo_info()] - Git Repo klipper Detected:
Owner: Klipper3d
Repository Name: klipper
Path: /home/pi/klipper
Remote: origin
Branch: master
Remote URL: https://github.com/Klipper3d/klipper
Recovery URL: https://github.com/Klipper3d/klipper
Current Commit SHA: d6494ffed57c108c9ab8345a1e3c6bc38557bc0a
Upstream Commit SHA: d6494ffed57c108c9ab8345a1e3c6bc38557bc0a
Current Version: v0.12.0-378-gd6494ffe
Upstream Version: v0.12.0-378-gd6494ffe
Rollback Commit: 9bd0d4757696375e946a1410fcc8036d2670ae30
Rollback Branch: master
Rollback Version: v0.12.0-377-g9bd0d475
Is Dirty: False
Is Detached: False
Is Shallow: False
Commits Behind Count: 0
Diverged: False
Pinned Commit: None
Repo Warnings:
  Repo has untracked source files: ['klippy/extras/gcode_shell_command.py']
2024-11-22 16:20:49,422 [base_deploy.py:log_info()] - Web Client mainsail: Detected
Repo: mainsail-crew/mainsail
Channel: stable
Path: /home/pi/mainsail
Local Version: v2.12.0
Remote Version: v2.12.0
Valid: True
Fallback Detected: False
Pre-release: False
Download Url: https://github.com/mainsail-crew/mainsail/releases/download/v2.12.0/mainsail.zip
Download Size: 2545249
Content Type: application/zip
Rollback Version: v2.11.2
Rollback Repo: mainsail-crew/mainsail
2024-11-22 16:20:49,427 [base_deploy.py:log_info()] - Git Repo KlipperScreen: Stored pip version: 24.0
2024-11-22 16:20:49,428 [git_deploy.py:log_repo_info()] - Git Repo KlipperScreen Detected:
Owner: jordanruthe
Repository Name: KlipperScreen
Path: /home/pi/KlipperScreen
Remote: origin
Branch: master
Remote URL: https://github.com/jordanruthe/KlipperScreen.git
Recovery URL: https://github.com/jordanruthe/KlipperScreen.git
Current Commit SHA: 8e4f859b09e5f1f739c132ff6f98f653aafab0e5
Upstream Commit SHA: 8e4f859b09e5f1f739c132ff6f98f653aafab0e5
Current Version: v0.4.5-14-g8e4f859b
Upstream Version: v0.4.5-14-g8e4f859b
Rollback Commit: 7127b5d624cbc7395c14e5f94fd30d33579a35e9
Rollback Branch: master
Rollback Version: v0.4.5-3-g7127b5d6
Is Dirty: False
Is Detached: False
Is Shallow: False
Commits Behind Count: 0
Diverged: False
Pinned Commit: None
2024-11-22 16:20:49,436 [git_deploy.py:log_repo_info()] - Git Repo crowsnest Detected:
Owner: mainsail-crew
Repository Name: crowsnest
Path: /home/pi/crowsnest
Remote: origin
Branch: master
Remote URL: https://github.com/mainsail-crew/crowsnest.git
Recovery URL: https://github.com/mainsail-crew/crowsnest.git
Current Commit SHA: d75a3aeb018384e59d03518754f6148c98894ed9
Upstream Commit SHA: d75a3aeb018384e59d03518754f6148c98894ed9
Current Version: v4.1.9-1-gd75a3aeb
Upstream Version: v4.1.9-1-gd75a3aeb
Rollback Commit: 6ac4711e17f6f7c51998d1f928166fdaee383bf7
Rollback Branch: master
Rollback Version: v4.1.8-1-g6ac4711e
Is Dirty: False
Is Detached: False
Is Shallow: False
Commits Behind Count: 0
Diverged: False
Pinned Commit: None
2024-11-22 16:20:49,441 [git_deploy.py:log_repo_info()] - Git Repo moonraker-telegram-bot Detected:
Owner: nlef
Repository Name: moonraker-telegram-bot
Path: /home/pi/moonraker-telegram-bot
Remote: origin
Branch: master
Remote URL: https://github.com/nlef/moonraker-telegram-bot.git
Recovery URL: https://github.com/nlef/moonraker-telegram-bot.git
Current Commit SHA: b9b47003e13b8a23af696594aac8ba53c777f5a7
Upstream Commit SHA: b9b47003e13b8a23af696594aac8ba53c777f5a7
Current Version: v1.5-0-gb9b47003
Upstream Version: v1.5-0-gb9b47003
Rollback Commit: b9b47003e13b8a23af696594aac8ba53c777f5a7
Rollback Branch: master
Rollback Version: v1.5-0-gb9b4700
Is Dirty: False
Is Detached: False
Is Shallow: False
Commits Behind Count: 0
Diverged: False
Pinned Commit: None
2024-11-22 16:20:49,446 [base_deploy.py:log_info()] - PackageKit: Next refresh in: 4 Days, 19 Hours, 58 Minutes, 25 Seconds
2024-11-22 16:20:49,446 [base_deploy.py:log_info()] - Git Repo moonraker: Next refresh in: 4 Days, 19 Hours, 58 Minutes, 26 Seconds
2024-11-22 16:20:49,446 [base_deploy.py:log_info()] - Git Repo klipper: Next refresh in: 4 Days, 19 Hours, 58 Minutes, 43 Seconds
2024-11-22 16:20:49,446 [base_deploy.py:log_info()] - Web Client mainsail: Next refresh in: 4 Days, 19 Hours, 58 Minutes, 28 Seconds
2024-11-22 16:20:49,446 [base_deploy.py:log_info()] - Git Repo KlipperScreen: Next refresh in: 4 Days, 19 Hours, 58 Minutes, 30 Seconds
2024-11-22 16:20:49,447 [base_deploy.py:log_info()] - Git Repo crowsnest: Next refresh in: 4 Days, 19 Hours, 58 Minutes, 31 Seconds
2024-11-22 16:20:49,447 [base_deploy.py:log_info()] - Git Repo moonraker-telegram-bot: Next refresh in: 4 Days, 19 Hours, 58 Minutes, 32 Seconds
2024-11-22 16:20:49,507 [confighelper.py:create_backup()] - Backing up last working configuration to '/home/pi/Ender5_data/config/.moonraker.conf.bkp'
2024-11-22 16:20:49,522 [extensions.py:start_unix_server()] - Creating Unix Domain Socket at '/home/pi/Ender5_data/comms/moonraker.sock'
2024-11-22 16:20:49,524 [server.py:start_server()] - Starting Moonraker on (0.0.0.0, 7126), Hostname: raspberrypi
2024-11-22 16:20:49,532 [application.py:listen()] - SSL Certificate/Key not configured, aborting HTTPS Server startup
2024-11-22 16:20:49,718 [shell_command.py:_check_proc_success()] - Command (git -C /home/pi/klipper-backup status --porcelain -b) successfully finished
2024-11-22 16:20:49,753 [shell_command.py:_check_proc_success()] - Command (git -C /home/pi/klipper-backup branch --list --no-color) successfully finished
2024-11-22 16:20:49,810 [klippy_connection.py:_do_connect()] - Klippy Connection Established
2024-11-22 16:20:49,840 [shell_command.py:_check_proc_success()] - Command (git -C /home/pi/klipper-backup remote get-url origin) successfully finished
2024-11-22 16:20:49,936 [machine.py:extract_service_info()] - Detected alternate unit name for klipper: klipper-Ender5.service
2024-11-22 16:20:49,977 [server.py:add_log_rollover_item()] - 
Systemd unit klipper-Ender5.service:
unit_name: klipper-Ender5.service
is_default: False
manager: systemd
Properties:
**Requires=['-.mount', 'system.slice', 'sysinit.target']
**After=['sysinit.target', 'system.slice', 'network-online.target', 'basic.target', '-.mount', 'systemd-journald.socket']
**SupplementaryGroups=[]
**EnvironmentFiles=/home/pi/Ender5_data/systemd/klipper.env
**ExecStart=/home/pi/klippy-env/bin/python $KLIPPER_ARGS
**WorkingDirectory=/home/pi/klipper
**FragmentPath=/etc/systemd/system/klipper-Ender5.service
**Description=Klipper 3D Printer Firmware SV1
**User=pi
2024-11-22 16:20:50,235 [server.py:add_log_rollover_item()] - Klipper Version: v0.12.0-378-gd6494ffed-dirty
2024-11-22 16:20:50,261 [klippy_connection.py:_request_initial_subscriptions()] - Webhooks Subscribed
2024-11-22 16:20:50,262 [klippy_connection.py:_request_initial_subscriptions()] - GCode Output Subscribed
2024-11-22 16:20:50,512 [job_state.py:_handle_started()] - Job state initialized: standby
2024-11-22 16:20:50,601 [shell_command.py:_check_proc_success()] - Command (git -C /home/pi/klipper-backup fetch origin --prune --progress) successfully finished
2024-11-22 16:20:50,614 [shell_command.py:_check_proc_success()] - Command (git -C /home/pi/klipper-backup merge-base --is-ancestor HEAD origin/main) successfully finished
2024-11-22 16:20:50,651 [shell_command.py:_check_proc_success()] - Command (git -C /home/pi/klipper-backup rev-parse HEAD) successfully finished
2024-11-22 16:20:50,674 [shell_command.py:_check_proc_success()] - Command (git -C /home/pi/klipper-backup describe --always --tags --long --dirty --abbrev=8) successfully finished
2024-11-22 16:20:50,690 [shell_command.py:_check_proc_success()] - Command (git -C /home/pi/klipper-backup rev-parse origin/main) successfully finished
2024-11-22 16:20:50,710 [shell_command.py:_check_proc_success()] - Command (git -C /home/pi/klipper-backup describe origin/main --always --tags --long --abbrev=8) successfully finished
2024-11-22 16:20:50,728 [shell_command.py:_check_proc_success()] - Command (git -C /home/pi/klipper-backup rev-list HEAD..1ccd26ad624ce5e50b8554b7ac9ebbae3d922712 --count) successfully finished
2024-11-22 16:20:50,729 [git_deploy.py:log_repo_info()] - Git Repo klipper-backup Detected:
Owner: Staubgeborener
Repository Name: klipper-backup
Path: /home/pi/klipper-backup
Remote: origin
Branch: main
Remote URL: https://github.com/Staubgeborener/klipper-backup.git
Recovery URL: https://github.com/Staubgeborener/klipper-backup.git
Current Commit SHA: 1ccd26ad624ce5e50b8554b7ac9ebbae3d922712
Upstream Commit SHA: 1ccd26ad624ce5e50b8554b7ac9ebbae3d922712
Current Version: v1.3.2-0-g1ccd26ad
Upstream Version: v1.3.2-0-g1ccd26ad
Rollback Commit: 1ccd26ad624ce5e50b8554b7ac9ebbae3d922712
Rollback Branch: main
Rollback Version: v1.3.2-0-g1ccd26ad
Is Dirty: False
Is Detached: False
Is Shallow: False
Commits Behind Count: 0
Diverged: False
Pinned Commit: None
2024-11-22 16:20:50,729 [base_deploy.py:log_info()] - Git Repo klipper-backup: Channel: dev
2024-11-22 16:20:50,729 [base_deploy.py:log_info()] - Git Repo klipper-backup: Validity check for git repo passed
2024-11-22 16:20:50,774 [klippy_connection.py:_check_ready()] - Klippy ready
2024-11-22 16:20:51,265 [data_store.py:_init_sensors()] - Configuring available sensors: ['heater_bed', 'temperature_sensor RPI_Sensor', 'extruder']
2024-11-22 16:21:14,894 [application.py:log_request()] - 101 GET /websocket?token=S5BU3CPJD6ULDXSG2D3VWTDOWAL5VY35 (192.168.1.224) [_API_KEY_USER_] 6.41ms
2024-11-22 16:21:14,895 [websockets.py:open()] - Websocket Opened: ID: 4070128752, Proxied: False, User Agent: , Host Name: 192.168.1.224
2024-11-22 16:22:00,147 [authorization.py:_check_trusted_connection()] - Trusted Connection Detected, IP: 192.168.1.211
2024-11-22 16:22:00,149 [application.py:log_request()] - 101 GET /websocket (192.168.1.211) [_TRUSTED_USER_] 6.38ms
2024-11-22 16:22:00,150 [websockets.py:open()] - Websocket Opened: ID: 4070132392, Proxied: False, User Agent: Mozilla/5.0 (Windows NT 10.0; Win64; x64; rv:132.0) Gecko/20100101 Firefox/132.0, Host Name: 192.168.1.224
2024-11-22 16:22:00,165 [file_manager.py:get_file_list()] - Updating File List <config>...
2024-11-22 16:24:03,643 [application.py:log_request()] - 101 GET /websocket (192.168.1.211) [_TRUSTED_USER_] 2.08ms
2024-11-22 16:24:03,643 [websockets.py:open()] - Websocket Opened: ID: 4088804088, Proxied: False, User Agent: Mozilla/5.0 (Windows NT 10.0; Win64; x64; rv:132.0) Gecko/20100101 Firefox/132.0, Host Name: 192.168.1.224
2024-11-22 16:24:03,650 [websockets.py:_handle_identify()] - Websocket 4088804088 Client Identified - Name: mainsail, Version: 2.12.0, Type: web
2024-11-22 16:24:04,417 [websockets.py:on_close()] - Websocket Closed: ID: 4070132392 Close Code: None, Close Reason: None, Pong Time Elapsed: 4.26
2024-11-22 16:24:04,437 [application.py:log_request()] - 101 GET /websocket (192.168.1.211) [_TRUSTED_USER_] 1.46ms
2024-11-22 16:24:04,438 [websockets.py:open()] - Websocket Opened: ID: 4088804304, Proxied: False, User Agent: Mozilla/5.0 (Windows NT 10.0; Win64; x64; rv:132.0) Gecko/20100101 Firefox/132.0, Host Name: 192.168.1.224
2024-11-22 16:24:04,518 [file_manager.py:get_file_list()] - Updating File List <config>...
2024-11-22 16:32:38,217 [machine.py:_parse_network_interfaces()] - Error processing network update
Traceback (most recent call last):
  File "/home/pi/moonraker/moonraker/components/machine.py", line 673, in _parse_network_interfaces
    resp = await self.addr_cmd.run_with_response(log_complete=False)
  File "/home/pi/moonraker/moonraker/components/shell_command.py", line 277, in run_with_response
    raise ShellCommandError(
moonraker.components.shell_command.ShellCommandError: Error running shell command: 'ip -json -det address'
2024-11-22 16:44:10,665 [machine.py:_parse_network_interfaces()] - Error processing network update
Traceback (most recent call last):
  File "/home/pi/moonraker/moonraker/components/machine.py", line 673, in _parse_network_interfaces
    resp = await self.addr_cmd.run_with_response(log_complete=False)
  File "/home/pi/moonraker/moonraker/components/shell_command.py", line 277, in run_with_response
    raise ShellCommandError(
moonraker.components.shell_command.ShellCommandError: Error running shell command: 'ip -json -det address'
2024-11-22 16:44:29,628 [common.py:build_error()] - JSON-RPC Request Error - Requested Method: printer.gcode.script, Code: 400, Message: Must home axis first: 0.000 0.000 1.000 [0.000]
2024-11-22 16:45:07,620 [common.py:build_error()] - JSON-RPC Request Error - Requested Method: printer.gcode.script, Code: 400, Message: Must home axis first: 0.000 0.000 1.000 [0.000]
2024-11-22 16:58:05,098 [authorization.py:_check_trusted_connection()] - Trusted Connection Detected, IP: 192.168.1.15
2024-11-22 16:58:05,102 [application.py:log_request()] - 101 GET /websocket (192.168.1.15) [_TRUSTED_USER_] 5.66ms
2024-11-22 16:58:05,102 [websockets.py:open()] - Websocket Opened: ID: 4070128176, Proxied: False, User Agent: Mozilla/5.0 (Windows NT 10.0; Win64; x64; rv:132.0) Gecko/20100101 Firefox/132.0, Host Name: 192.168.1.224
2024-11-22 16:58:05,116 [websockets.py:_handle_identify()] - Websocket 4070128176 Client Identified - Name: mainsail, Version: 2.12.0, Type: web
2024-11-22 16:58:05,365 [application.py:log_request()] - 101 GET /websocket (192.168.1.15) [_TRUSTED_USER_] 4.15ms
2024-11-22 16:58:05,366 [websockets.py:open()] - Websocket Opened: ID: 4070127048, Proxied: False, User Agent: Mozilla/5.0 (Windows NT 10.0; Win64; x64; rv:132.0) Gecko/20100101 Firefox/132.0, Host Name: 192.168.1.224
2024-11-22 16:58:05,468 [file_manager.py:get_file_list()] - Updating File List <config>...
2024-11-22 17:25:23,198 [authorization.py:_prune_conn_handler()] - Trusted Connection Expired, IP: 192.168.1.211
2024-11-22 17:29:10,456 [authorization.py:_check_trusted_connection()] - Trusted Connection Detected, IP: 192.168.1.211
2024-11-22 17:29:13,511 [common.py:build_error()] - JSON-RPC Request Error - Requested Method: server.files.metadata, Code: -32601, Message: Metadata not available for <Hogwarts_-_part_1.v2 - Copy.gcode>
2024-11-22 18:00:39,453 [application.py:prepare()] - Upload Request Received from 192.168.1.211
Content-Type: multipart/form-data; boundary=---------------------------188983001619827712652897189728
2024-11-22 18:00:39,465 [application.py:post()] - Processing Uploaded File: printer.cfg
2024-11-22 18:00:39,471 [application.py:log_request()] - 201 POST /server/files/upload (192.168.1.211) [_TRUSTED_USER_] 19.66ms
2024-11-22 18:00:40,565 [klippy_connection.py:_on_connection_closed()] - Klippy Connection Removed
2024-11-22 18:00:40,590 [application.py:log_request()] - 503 GET /printer/objects/list (192.168.1.224) [_API_KEY_USER_] 18.31ms
2024-11-22 18:00:41,847 [klippy_connection.py:_do_connect()] - Klippy Connection Established
2024-11-22 18:00:41,888 [machine.py:extract_service_info()] - Detected alternate unit name for klipper: klipper-Ender5.service
2024-11-22 18:00:45,050 [klippy_connection.py:_request_initial_subscriptions()] - Webhooks Subscribed
2024-11-22 18:00:45,052 [klippy_connection.py:_request_initial_subscriptions()] - GCode Output Subscribed
2024-11-22 18:00:45,302 [job_state.py:_handle_started()] - Job state initialized: standby
2024-11-22 18:00:45,560 [klippy_connection.py:_check_ready()] - Klippy ready
2024-11-22 18:00:45,616 [file_manager.py:get_file_list()] - Updating File List <config>...
2024-11-22 18:00:45,729 [file_manager.py:get_file_list()] - Updating File List <config>...
2024-11-22 18:00:46,560 [data_store.py:_init_sensors()] - Configuring available sensors: ['heater_bed', 'temperature_sensor RPI_Sensor', 'extruder']
2024-11-22 18:01:00,212 [klippy_apis.py:start_print()] - Requesting Job Start, filename = Hogwarts_-_part_1.v2 - Copy.gcode
2024-11-22 18:01:00,343 [job_state.py:_status_update()] - Job Started: Hogwarts_-_part_1.v2 - Copy.gcode
2024-11-22 18:01:00,364 [application.py:log_request()] - 404 GET /server/files/metadata?filename=Hogwarts_-_part_1.v2%20-%20Copy.gcode (192.168.1.224) [_API_KEY_USER_] 12.80ms
2024-11-22 18:01:00,371 [common.py:build_error()] - JSON-RPC Request Error - Requested Method: server.files.metadata, Code: -32601, Message: Metadata not available for <Hogwarts_-_part_1.v2 - Copy.gcode>
2024-11-22 18:01:00,412 [common.py:build_error()] - JSON-RPC Request Error - Requested Method: server.files.metadata, Code: -32601, Message: Metadata not available for <Hogwarts_-_part_1.v2 - Copy.gcode>
2024-11-22 18:01:00,534 [common.py:build_error()] - JSON-RPC Request Error - Requested Method: server.files.metadata, Code: -32601, Message: Metadata not available for <Hogwarts_-_part_1.v2 - Copy.gcode>
2024-11-22 18:01:00,657 [common.py:build_error()] - JSON-RPC Request Error - Requested Method: server.files.metadata, Code: -32601, Message: Metadata not available for <Hogwarts_-_part_1.v2 - Copy.gcode>
2024-11-22 18:04:19,400 [klippy_connection.py:_process_status_update()] - Klippy has shutdown
2024-11-22 18:04:19,410 [proc_stats.py:_handle_shutdown()] - 
Moonraker System Usage Statistics:
System Time: 1732320230.034736, Usage: 1.7%, Memory: 41072 kB
System Time: 1732320231.035454, Usage: 1.76%, Memory: 41072 kB
System Time: 1732320232.036245, Usage: 1.75%, Memory: 41072 kB
System Time: 1732320233.039750, Usage: 2.1%, Memory: 41072 kB
System Time: 1732320234.041542, Usage: 5.69%, Memory: 41072 kB
System Time: 1732320235.056288, Usage: 3.82%, Memory: 41072 kB
System Time: 1732320236.041383, Usage: 8.54%, Memory: 41072 kB
System Time: 1732320237.042002, Usage: 1.73%, Memory: 41072 kB
System Time: 1732320238.042510, Usage: 1.73%, Memory: 41072 kB
System Time: 1732320239.043300, Usage: 1.67%, Memory: 41072 kB
System Time: 1732320240.044012, Usage: 1.73%, Memory: 41072 kB
System Time: 1732320241.044918, Usage: 1.81%, Memory: 41072 kB
System Time: 1732320242.045498, Usage: 1.99%, Memory: 41072 kB
System Time: 1732320243.046938, Usage: 1.71%, Memory: 41072 kB
System Time: 1732320244.047905, Usage: 2.9%, Memory: 41072 kB
System Time: 1732320245.049488, Usage: 4.79%, Memory: 41072 kB
System Time: 1732320246.055804, Usage: 3.75%, Memory: 41072 kB
System Time: 1732320247.050875, Usage: 2.46%, Memory: 41072 kB
System Time: 1732320248.051556, Usage: 1.53%, Memory: 41072 kB
System Time: 1732320249.053193, Usage: 1.46%, Memory: 41072 kB
System Time: 1732320250.053929, Usage: 1.54%, Memory: 41072 kB
System Time: 1732320251.054402, Usage: 1.47%, Memory: 41072 kB
System Time: 1732320252.058796, Usage: 2.24%, Memory: 41072 kB
System Time: 1732320253.061147, Usage: 4.78%, Memory: 41072 kB
System Time: 1732320254.058553, Usage: 9.82%, Memory: 41072 kB
System Time: 1732320255.059365, Usage: 1.78%, Memory: 41072 kB
System Time: 1732320256.061338, Usage: 3.12%, Memory: 41072 kB
System Time: 1732320257.062344, Usage: 1.68%, Memory: 41072 kB
System Time: 1732320258.062821, Usage: 1.51%, Memory: 41072 kB
System Time: 1732320259.063551, Usage: 1.47%, Memory: 41072 kB
CPU Temperature: 43.329
2024-11-22 18:04:19,413 [proc_stats.py:_handle_shutdown()] - Throttled Flags: 
2024-11-22 18:04:56,905 [klippy_connection.py:_on_connection_closed()] - Klippy Connection Removed
2024-11-22 18:04:56,914 [application.py:log_request()] - 503 GET /printer/objects/list (192.168.1.224) [_API_KEY_USER_] 2.21ms
2024-11-22 18:04:58,167 [klippy_connection.py:_do_connect()] - Klippy Connection Established
2024-11-22 18:04:58,206 [machine.py:extract_service_info()] - Detected alternate unit name for klipper: klipper-Ender5.service
2024-11-22 18:05:01,318 [klippy_connection.py:_request_initial_subscriptions()] - Webhooks Subscribed
2024-11-22 18:05:01,321 [klippy_connection.py:_request_initial_subscriptions()] - GCode Output Subscribed
2024-11-22 18:05:01,568 [job_state.py:_handle_started()] - Job state initialized: standby
2024-11-22 18:05:01,829 [klippy_connection.py:_check_ready()] - Klippy ready
2024-11-22 18:05:01,871 [file_manager.py:get_file_list()] - Updating File List <config>...
2024-11-22 18:05:01,992 [file_manager.py:get_file_list()] - Updating File List <config>...
2024-11-22 18:05:02,827 [data_store.py:_init_sensors()] - Configuring available sensors: ['heater_bed', 'temperature_sensor RPI_Sensor', 'extruder']
2024-11-22 18:13:53,945 [common.py:build_error()] - JSON-RPC Request Error - Requested Method: server.files.metadata, Code: -32601, Message: Metadata not available for <Hogwarts_-_part_1.v2 - Copy.gcode>
2024-11-22 18:14:03,048 [klippy_apis.py:start_print()] - Requesting Job Start, filename = Hogwarts_-_part_1.v2 - Copy.gcode
2024-11-22 18:14:03,067 [job_state.py:_status_update()] - Job Started: Hogwarts_-_part_1.v2 - Copy.gcode
2024-11-22 18:14:03,078 [application.py:log_request()] - 404 GET /server/files/metadata?filename=Hogwarts_-_part_1.v2%20-%20Copy.gcode (192.168.1.224) [_API_KEY_USER_] 3.57ms
2024-11-22 18:14:03,115 [common.py:build_error()] - JSON-RPC Request Error - Requested Method: server.files.metadata, Code: -32601, Message: Metadata not available for <Hogwarts_-_part_1.v2 - Copy.gcode>
2024-11-22 18:14:03,205 [common.py:build_error()] - JSON-RPC Request Error - Requested Method: server.files.metadata, Code: -32601, Message: Metadata not available for <Hogwarts_-_part_1.v2 - Copy.gcode>
2024-11-22 18:14:06,242 [common.py:build_error()] - JSON-RPC Request Error - Requested Method: server.files.metadata, Code: -32601, Message: Metadata not available for <Hogwarts_-_part_1.v2 - Copy.gcode>
2024-11-22 18:14:06,846 [common.py:build_error()] - JSON-RPC Request Error - Requested Method: server.files.metadata, Code: -32601, Message: Metadata not available for <Hogwarts_-_part_1.v2 - Copy.gcode>
2024-11-22 18:15:48,846 [klippy_connection.py:_process_status_update()] - Klippy has shutdown
2024-11-22 18:15:48,857 [proc_stats.py:_handle_shutdown()] - 
Moonraker System Usage Statistics:
System Time: 1732320919.753703, Usage: 2.23%, Memory: 41304 kB
System Time: 1732320920.756768, Usage: 1.49%, Memory: 41304 kB
System Time: 1732320921.757903, Usage: 1.49%, Memory: 41304 kB
System Time: 1732320922.759955, Usage: 1.54%, Memory: 41304 kB
System Time: 1732320923.760504, Usage: 1.67%, Memory: 41304 kB
System Time: 1732320924.765038, Usage: 2.58%, Memory: 41304 kB
System Time: 1732320925.764576, Usage: 5.75%, Memory: 41304 kB
System Time: 1732320926.763461, Usage: 10.02%, Memory: 41304 kB
System Time: 1732320927.764985, Usage: 1.51%, Memory: 41304 kB
System Time: 1732320928.765102, Usage: 1.68%, Memory: 41304 kB
System Time: 1732320929.766037, Usage: 1.53%, Memory: 41304 kB
System Time: 1732320930.767160, Usage: 1.51%, Memory: 41304 kB
System Time: 1732320931.768282, Usage: 1.52%, Memory: 41304 kB
System Time: 1732320932.768783, Usage: 1.51%, Memory: 41304 kB
System Time: 1732320933.770121, Usage: 1.63%, Memory: 41304 kB
System Time: 1732320934.770646, Usage: 2.57%, Memory: 41304 kB
System Time: 1732320935.772149, Usage: 4.94%, Memory: 41304 kB
System Time: 1732320936.776624, Usage: 3.18%, Memory: 41304 kB
System Time: 1732320937.773293, Usage: 2.83%, Memory: 41304 kB
System Time: 1732320938.774541, Usage: 1.58%, Memory: 41304 kB
System Time: 1732320939.775444, Usage: 1.54%, Memory: 41304 kB
System Time: 1732320940.777215, Usage: 1.55%, Memory: 41304 kB
System Time: 1732320941.777953, Usage: 1.55%, Memory: 41304 kB
System Time: 1732320942.782214, Usage: 1.77%, Memory: 41304 kB
System Time: 1732320943.780196, Usage: 5.84%, Memory: 41304 kB
System Time: 1732320944.781312, Usage: 4.61%, Memory: 41304 kB
System Time: 1732320945.781793, Usage: 2.01%, Memory: 41304 kB
System Time: 1732320946.783354, Usage: 2.6%, Memory: 41304 kB
System Time: 1732320947.783944, Usage: 1.5%, Memory: 41304 kB
System Time: 1732320948.787669, Usage: 2.21%, Memory: 41304 kB
CPU Temperature: 42.842
2024-11-22 18:15:48,860 [proc_stats.py:_handle_shutdown()] - Throttled Flags: 
2024-11-22 18:16:14,722 [klippy_connection.py:_on_connection_closed()] - Klippy Connection Removed
2024-11-22 18:16:14,731 [application.py:log_request()] - 503 GET /printer/objects/list (192.168.1.224) [_API_KEY_USER_] 2.24ms
2024-11-22 18:16:15,983 [klippy_connection.py:_do_connect()] - Klippy Connection Established
2024-11-22 18:16:16,021 [machine.py:extract_service_info()] - Detected alternate unit name for klipper: klipper-Ender5.service
2024-11-22 18:16:19,075 [klippy_connection.py:_request_initial_subscriptions()] - Webhooks Subscribed
2024-11-22 18:16:19,076 [klippy_connection.py:_request_initial_subscriptions()] - GCode Output Subscribed
2024-11-22 18:16:19,325 [job_state.py:_handle_started()] - Job state initialized: standby
2024-11-22 18:16:19,629 [klippy_connection.py:_check_ready()] - Klippy ready
2024-11-22 18:16:19,711 [file_manager.py:get_file_list()] - Updating File List <config>...
2024-11-22 18:16:20,084 [data_store.py:_init_sensors()] - Configuring available sensors: ['heater_bed', 'temperature_sensor RPI_Sensor', 'extruder']
2024-11-22 18:16:20,943 [file_manager.py:get_file_list()] - Updating File List <config>...
2024-11-22 18:30:23,210 [authorization.py:_prune_conn_handler()] - Trusted Connection Expired, IP: 192.168.1.15
2024-11-22 18:42:29,606 [application.py:prepare()] - Upload Request Received from 192.168.1.211
Content-Type: multipart/form-data; boundary=---------------------------311200399011569753133686381030
2024-11-22 18:42:29,616 [application.py:post()] - Processing Uploaded File: printer.cfg
2024-11-22 18:42:29,622 [application.py:log_request()] - 201 POST /server/files/upload (192.168.1.211) [_TRUSTED_USER_] 17.18ms
2024-11-22 18:42:30,716 [klippy_connection.py:_on_connection_closed()] - Klippy Connection Removed
2024-11-22 18:42:30,726 [application.py:log_request()] - 503 GET /printer/objects/list (192.168.1.224) [_API_KEY_USER_] 2.95ms
2024-11-22 18:42:31,976 [klippy_connection.py:_do_connect()] - Klippy Connection Established
2024-11-22 18:42:32,059 [machine.py:extract_service_info()] - Detected alternate unit name for klipper: klipper-Ender5.service
2024-11-22 18:42:35,058 [klippy_connection.py:_request_initial_subscriptions()] - Webhooks Subscribed
2024-11-22 18:42:35,059 [klippy_connection.py:_request_initial_subscriptions()] - GCode Output Subscribed
2024-11-22 18:42:35,309 [job_state.py:_handle_started()] - Job state initialized: standby
2024-11-22 18:42:35,572 [klippy_connection.py:_check_ready()] - Klippy ready
2024-11-22 18:42:35,632 [file_manager.py:get_file_list()] - Updating File List <config>...
2024-11-22 18:42:35,748 [file_manager.py:get_file_list()] - Updating File List <config>...
2024-11-22 18:42:36,331 [data_store.py:_init_sensors()] - Configuring available sensors: ['heater_bed', 'temperature_sensor RPI_Sensor', 'extruder']
2024-11-22 18:43:03,138 [common.py:build_error()] - JSON-RPC Request Error - Requested Method: server.files.metadata, Code: -32601, Message: Metadata not available for <Hogwarts_-_part_1.v2 - Copy.gcode>
2024-11-22 18:43:06,892 [klippy_apis.py:start_print()] - Requesting Job Start, filename = Hogwarts_-_part_1.v2 - Copy.gcode
2024-11-22 18:43:07,147 [job_state.py:_status_update()] - Job Started: Hogwarts_-_part_1.v2 - Copy.gcode
2024-11-22 18:43:07,158 [application.py:log_request()] - 404 GET /server/files/metadata?filename=Hogwarts_-_part_1.v2%20-%20Copy.gcode (192.168.1.224) [_API_KEY_USER_] 4.09ms
2024-11-22 18:43:07,173 [common.py:build_error()] - JSON-RPC Request Error - Requested Method: server.files.metadata, Code: -32601, Message: Metadata not available for <Hogwarts_-_part_1.v2 - Copy.gcode>
2024-11-22 18:43:07,431 [common.py:build_error()] - JSON-RPC Request Error - Requested Method: server.files.metadata, Code: -32601, Message: Metadata not available for <Hogwarts_-_part_1.v2 - Copy.gcode>
2024-11-22 18:43:07,971 [common.py:build_error()] - JSON-RPC Request Error - Requested Method: server.files.metadata, Code: -32601, Message: Metadata not available for <Hogwarts_-_part_1.v2 - Copy.gcode>
2024-11-22 18:43:08,196 [common.py:build_error()] - JSON-RPC Request Error - Requested Method: server.files.metadata, Code: -32601, Message: Metadata not available for <Hogwarts_-_part_1.v2 - Copy.gcode>
2024-11-22 18:45:22,285 [klippy_connection.py:_process_status_update()] - Klippy has shutdown
2024-11-22 18:45:22,301 [proc_stats.py:_handle_shutdown()] - 
Moonraker System Usage Statistics:
System Time: 1732322692.728352, Usage: 1.74%, Memory: 41368 kB
System Time: 1732322693.729482, Usage: 1.72%, Memory: 41368 kB
System Time: 1732322694.730772, Usage: 2.69%, Memory: 41368 kB
System Time: 1732322695.731174, Usage: 1.97%, Memory: 41368 kB
System Time: 1732322696.735600, Usage: 4.36%, Memory: 41368 kB
System Time: 1732322697.733463, Usage: 3.07%, Memory: 41368 kB
System Time: 1732322698.733557, Usage: 3.06%, Memory: 41368 kB
System Time: 1732322699.735233, Usage: 1.56%, Memory: 41368 kB
System Time: 1732322700.735780, Usage: 1.51%, Memory: 41368 kB
System Time: 1732322701.736673, Usage: 1.59%, Memory: 41368 kB
System Time: 1732322702.737129, Usage: 1.53%, Memory: 41368 kB
System Time: 1732322703.742900, Usage: 2.76%, Memory: 41368 kB
System Time: 1732322704.743550, Usage: 5.1%, Memory: 41368 kB
System Time: 1732322705.742399, Usage: 7.88%, Memory: 41368 kB
System Time: 1732322706.743929, Usage: 1.44%, Memory: 41368 kB
System Time: 1732322707.746009, Usage: 1.61%, Memory: 41368 kB
System Time: 1732322708.748536, Usage: 2.83%, Memory: 41368 kB
System Time: 1732322709.745725, Usage: 1.78%, Memory: 41368 kB
System Time: 1732322710.747394, Usage: 2.16%, Memory: 41368 kB
System Time: 1732322711.748574, Usage: 1.61%, Memory: 41368 kB
System Time: 1732322712.750732, Usage: 1.54%, Memory: 41368 kB
System Time: 1732322713.751651, Usage: 2.94%, Memory: 41368 kB
System Time: 1732322714.752421, Usage: 4.99%, Memory: 41368 kB
System Time: 1732322715.755163, Usage: 2.87%, Memory: 41368 kB
System Time: 1732322716.755157, Usage: 2.51%, Memory: 41368 kB
System Time: 1732322717.755894, Usage: 1.65%, Memory: 41368 kB
System Time: 1732322718.756642, Usage: 3.04%, Memory: 41368 kB
System Time: 1732322719.757663, Usage: 1.79%, Memory: 41368 kB
System Time: 1732322720.758104, Usage: 1.81%, Memory: 41368 kB
System Time: 1732322721.763196, Usage: 2.58%, Memory: 41368 kB
CPU Temperature: 43.816
2024-11-22 18:45:22,303 [proc_stats.py:_handle_shutdown()] - Throttled Flags: 
2024-11-22 18:45:34,337 [klippy_connection.py:_on_connection_closed()] - Klippy Connection Removed
2024-11-22 18:45:34,354 [application.py:log_request()] - 503 GET /printer/objects/list (192.168.1.224) [_API_KEY_USER_] 4.07ms
2024-11-22 18:45:35,601 [klippy_connection.py:_do_connect()] - Klippy Connection Established
2024-11-22 18:45:35,642 [machine.py:extract_service_info()] - Detected alternate unit name for klipper: klipper-Ender5.service
2024-11-22 18:45:38,688 [klippy_connection.py:_request_initial_subscriptions()] - Webhooks Subscribed
2024-11-22 18:45:38,689 [klippy_connection.py:_request_initial_subscriptions()] - GCode Output Subscribed
2024-11-22 18:45:38,939 [job_state.py:_handle_started()] - Job state initialized: standby
2024-11-22 18:45:39,206 [klippy_connection.py:_check_ready()] - Klippy ready
2024-11-22 18:45:39,221 [file_manager.py:get_file_list()] - Updating File List <config>...
2024-11-22 18:45:39,624 [file_manager.py:get_file_list()] - Updating File List <config>...
2024-11-22 18:45:39,947 [data_store.py:_init_sensors()] - Configuring available sensors: ['heater_bed', 'temperature_sensor RPI_Sensor', 'extruder']
2024-11-22 18:46:56,517 [application.py:prepare()] - Upload Request Received from 192.168.1.211
Content-Type: multipart/form-data; boundary=---------------------------41883302548901456920105321
2024-11-22 18:46:56,527 [application.py:post()] - Processing Uploaded File: printer.cfg
2024-11-22 18:46:56,533 [application.py:log_request()] - 201 POST /server/files/upload (192.168.1.211) [_TRUSTED_USER_] 16.65ms
2024-11-22 18:46:57,626 [klippy_connection.py:_on_connection_closed()] - Klippy Connection Removed
2024-11-22 18:46:57,635 [application.py:log_request()] - 503 GET /printer/objects/list (192.168.1.224) [_API_KEY_USER_] 2.53ms
2024-11-22 18:46:58,886 [klippy_connection.py:_do_connect()] - Klippy Connection Established
2024-11-22 18:46:58,928 [machine.py:extract_service_info()] - Detected alternate unit name for klipper: klipper-Ender5.service
2024-11-22 18:47:01,964 [klippy_connection.py:_request_initial_subscriptions()] - Webhooks Subscribed
2024-11-22 18:47:01,965 [klippy_connection.py:_request_initial_subscriptions()] - GCode Output Subscribed
2024-11-22 18:47:02,215 [job_state.py:_handle_started()] - Job state initialized: standby
2024-11-22 18:47:02,475 [klippy_connection.py:_check_ready()] - Klippy ready
2024-11-22 18:47:02,519 [file_manager.py:get_file_list()] - Updating File List <config>...
2024-11-22 18:47:02,629 [file_manager.py:get_file_list()] - Updating File List <config>...
2024-11-22 18:47:03,473 [data_store.py:_init_sensors()] - Configuring available sensors: ['heater_bed', 'temperature_sensor RPI_Sensor', 'extruder']
2024-11-22 18:48:00,890 [klippy_apis.py:start_print()] - Requesting Job Start, filename = Hogwarts_-_part_1.v2 - Copy.gcode
2024-11-22 18:48:01,131 [job_state.py:_status_update()] - Job Started: Hogwarts_-_part_1.v2 - Copy.gcode
2024-11-22 18:48:01,158 [application.py:log_request()] - 404 GET /server/files/metadata?filename=Hogwarts_-_part_1.v2%20-%20Copy.gcode (192.168.1.224) [_API_KEY_USER_] 11.00ms
2024-11-22 18:48:01,203 [common.py:build_error()] - JSON-RPC Request Error - Requested Method: server.files.metadata, Code: -32601, Message: Metadata not available for <Hogwarts_-_part_1.v2 - Copy.gcode>
2024-11-22 18:48:01,278 [common.py:build_error()] - JSON-RPC Request Error - Requested Method: server.files.metadata, Code: -32601, Message: Metadata not available for <Hogwarts_-_part_1.v2 - Copy.gcode>
2024-11-22 18:48:01,431 [common.py:build_error()] - JSON-RPC Request Error - Requested Method: server.files.metadata, Code: -32601, Message: Metadata not available for <Hogwarts_-_part_1.v2 - Copy.gcode>
2024-11-22 18:48:01,472 [common.py:build_error()] - JSON-RPC Request Error - Requested Method: server.files.metadata, Code: -32601, Message: Metadata not available for <Hogwarts_-_part_1.v2 - Copy.gcode>
2024-11-22 18:50:37,225 [websockets.py:on_close()] - Websocket Closed: ID: 4088804088 Close Code: None, Close Reason: None, Pong Time Elapsed: 3.58
2024-11-22 18:50:37,762 [websockets.py:on_close()] - Websocket Closed: ID: 4088804304 Close Code: None, Close Reason: None, Pong Time Elapsed: 3.32
2024-11-22 18:50:37,786 [application.py:log_request()] - 101 GET /websocket (192.168.1.211) [_TRUSTED_USER_] 2.09ms
2024-11-22 18:50:37,786 [websockets.py:open()] - Websocket Opened: ID: 4088797000, Proxied: False, User Agent: Mozilla/5.0 (Windows NT 10.0; Win64; x64; rv:132.0) Gecko/20100101 Firefox/132.0, Host Name: 192.168.1.224
2024-11-22 18:50:37,807 [file_manager.py:get_file_list()] - Updating File List <config>...
2024-11-22 18:50:38,067 [common.py:build_error()] - JSON-RPC Request Error - Requested Method: server.files.metadata, Code: -32601, Message: Metadata not available for <Hogwarts_-_part_1.v2 - Copy.gcode>
2024-11-22 18:51:41,815 [application.py:log_request()] - 101 GET /websocket (192.168.1.211) [_TRUSTED_USER_] 2.09ms
2024-11-22 18:51:41,815 [websockets.py:open()] - Websocket Opened: ID: 4088777672, Proxied: False, User Agent: Mozilla/5.0 (Windows NT 10.0; Win64; x64; rv:132.0) Gecko/20100101 Firefox/132.0, Host Name: 192.168.1.224
2024-11-22 18:51:41,850 [websockets.py:_handle_identify()] - Websocket 4088777672 Client Identified - Name: mainsail, Version: 2.12.0, Type: web
2024-11-22 18:51:42,612 [websockets.py:on_close()] - Websocket Closed: ID: 4088797000 Close Code: None, Close Reason: None, Pong Time Elapsed: 4.82
2024-11-22 18:51:42,635 [application.py:log_request()] - 101 GET /websocket (192.168.1.211) [_TRUSTED_USER_] 1.54ms
2024-11-22 18:51:42,635 [websockets.py:open()] - Websocket Opened: ID: 4059963720, Proxied: False, User Agent: Mozilla/5.0 (Windows NT 10.0; Win64; x64; rv:132.0) Gecko/20100101 Firefox/132.0, Host Name: 192.168.1.224
2024-11-22 18:51:42,723 [file_manager.py:get_file_list()] - Updating File List <config>...
2024-11-22 18:51:42,858 [common.py:build_error()] - JSON-RPC Request Error - Requested Method: server.files.metadata, Code: -32601, Message: Metadata not available for <Hogwarts_-_part_1.v2 - Copy.gcode>
2024-11-22 18:51:43,037 [common.py:build_error()] - JSON-RPC Request Error - Requested Method: server.files.metadata, Code: -32601, Message: Metadata not available for <Hogwarts_-_part_1.v2 - Copy.gcode>
2024-11-22 18:51:44,026 [common.py:build_error()] - JSON-RPC Request Error - Requested Method: server.files.metadata, Code: -32601, Message: Metadata not available for <Hogwarts_-_part_1.v2 - Copy.gcode>
2024-11-22 18:56:51,035 [websockets.py:on_close()] - Websocket Closed: ID: 4070128176 Close Code: None, Close Reason: None, Pong Time Elapsed: 5.93
2024-11-22 18:56:52,225 [websockets.py:on_close()] - Websocket Closed: ID: 4070127048 Close Code: None, Close Reason: None, Pong Time Elapsed: 6.86
2024-11-22 18:56:52,286 [authorization.py:_check_trusted_connection()] - Trusted Connection Detected, IP: 192.168.1.15
2024-11-22 18:56:52,288 [application.py:log_request()] - 101 GET /websocket (192.168.1.15) [_TRUSTED_USER_] 2.70ms
2024-11-22 18:56:52,288 [websockets.py:open()] - Websocket Opened: ID: 4088767128, Proxied: False, User Agent: Mozilla/5.0 (Windows NT 10.0; Win64; x64; rv:132.0) Gecko/20100101 Firefox/132.0, Host Name: 192.168.1.224
2024-11-22 18:56:52,406 [file_manager.py:get_file_list()] - Updating File List <config>...
2024-11-22 18:56:52,935 [common.py:build_error()] - JSON-RPC Request Error - Requested Method: server.files.metadata, Code: -32601, Message: Metadata not available for <Hogwarts_-_part_1.v2 - Copy.gcode>
2024-11-22 18:56:53,139 [websockets.py:on_close()] - Websocket Closed: ID: 4088767128 Close Code: None, Close Reason: None, Pong Time Elapsed: 0.85
2024-11-22 18:56:53,190 [application.py:log_request()] - 101 GET /websocket (192.168.1.15) [_TRUSTED_USER_] 1.69ms
2024-11-22 18:56:53,190 [websockets.py:open()] - Websocket Opened: ID: 4088768640, Proxied: False, User Agent: Mozilla/5.0 (Windows NT 10.0; Win64; x64; rv:132.0) Gecko/20100101 Firefox/132.0, Host Name: 192.168.1.224
2024-11-22 18:56:53,302 [file_manager.py:get_file_list()] - Updating File List <config>...
2024-11-22 18:56:57,155 [common.py:build_error()] - JSON-RPC Request Error - Requested Method: server.files.metadata, Code: -32601, Message: Metadata not available for <Hogwarts_-_part_1.v2 - Copy.gcode>
2024-11-22 19:44:32,000 [websockets.py:write_to_socket()] - Websocket closed while writing: 4088777672
2024-11-22 19:44:36,818 [websockets.py:on_close()] - Websocket Closed: ID: 4088777672 Close Code: None, Close Reason: None, Pong Time Elapsed: 45.00
2024-11-22 19:44:37,639 [websockets.py:on_close()] - Websocket Closed: ID: 4059963720 Close Code: None, Close Reason: None, Pong Time Elapsed: 45.00
2024-11-22 19:44:37,640 [websockets.py:write_to_socket()] - Websocket closed while writing: 4059963720
2024-11-22 19:46:05,273 [authorization.py:_check_trusted_connection()] - Trusted Connection Detected, IP: 192.168.1.26
2024-11-22 19:46:05,275 [application.py:log_request()] - 101 GET /websocket (192.168.1.26) [_TRUSTED_USER_] 2.72ms
2024-11-22 19:46:05,275 [websockets.py:open()] - Websocket Opened: ID: 4089615288, Proxied: False, User Agent: Mozilla/5.0 (Windows NT 10.0; Win64; x64; rv:132.0) Gecko/20100101 Firefox/132.0, Host Name: 192.168.1.224
2024-11-22 19:46:05,306 [file_manager.py:get_file_list()] - Updating File List <config>...
2024-11-22 19:46:05,526 [common.py:build_error()] - JSON-RPC Request Error - Requested Method: server.files.metadata, Code: -32601, Message: Metadata not available for <Hogwarts_-_part_1.v2 - Copy.gcode>
2024-11-22 19:46:06,360 [application.py:log_request()] - 101 GET /websocket (192.168.1.26) [_TRUSTED_USER_] 1.47ms
2024-11-22 19:46:06,360 [websockets.py:open()] - Websocket Opened: ID: 4059934672, Proxied: False, User Agent: Mozilla/5.0 (Windows NT 10.0; Win64; x64; rv:132.0) Gecko/20100101 Firefox/132.0, Host Name: 192.168.1.224
2024-11-22 19:46:06,422 [websockets.py:_handle_identify()] - Websocket 4059934672 Client Identified - Name: mainsail, Version: 2.12.0, Type: web
2024-11-22 19:46:06,703 [websockets.py:on_close()] - Websocket Closed: ID: 4089615288 Close Code: None, Close Reason: None, Pong Time Elapsed: 1.43
2024-11-22 19:46:06,765 [application.py:log_request()] - 101 GET /websocket (192.168.1.26) [_TRUSTED_USER_] 1.48ms
2024-11-22 19:46:06,765 [websockets.py:open()] - Websocket Opened: ID: 4089616560, Proxied: False, User Agent: Mozilla/5.0 (Windows NT 10.0; Win64; x64; rv:132.0) Gecko/20100101 Firefox/132.0, Host Name: 192.168.1.224
2024-11-22 19:46:06,858 [file_manager.py:get_file_list()] - Updating File List <config>...
2024-11-22 19:46:07,077 [common.py:build_error()] - JSON-RPC Request Error - Requested Method: server.files.metadata, Code: -32601, Message: Metadata not available for <Hogwarts_-_part_1.v2 - Copy.gcode>
2024-11-22 19:46:09,402 [common.py:build_error()] - JSON-RPC Request Error - Requested Method: server.files.metadata, Code: -32601, Message: Metadata not available for <Hogwarts_-_part_1.v2 - Copy.gcode>
2024-11-22 19:55:23,227 [authorization.py:_prune_conn_handler()] - Trusted Connection Expired, IP: 192.168.1.211
2024-11-22 19:58:56,960 [websockets.py:write_to_socket()] - Websocket closed while writing: 4089616560
2024-11-22 19:59:01,364 [websockets.py:on_close()] - Websocket Closed: ID: 4059934672 Close Code: None, Close Reason: None, Pong Time Elapsed: 45.00
2024-11-22 19:59:01,364 [websockets.py:write_to_socket()] - Websocket closed while writing: 4059934672
2024-11-22 19:59:01,768 [websockets.py:on_close()] - Websocket Closed: ID: 4089616560 Close Code: None, Close Reason: None, Pong Time Elapsed: 44.99
2024-11-22 20:00:23,228 [authorization.py:_prune_conn_handler()] - Trusted Connection Expired, IP: 192.168.1.15
